{"D:\\Hacktiv8\\Phase 3\\Final Project\\Server\\service\\waiting-list-service\\app.js": {"path":"D:\\Hacktiv8\\Phase 3\\Final Project\\Server\\service\\waiting-list-service\\app.js","statementMap":{"0":{"start":{"line":1,"column":16},"end":{"line":1,"column":34}},"1":{"start":{"line":2,"column":0},"end":{"line":2,"column":26}},"2":{"start":{"line":4,"column":12},"end":{"line":4,"column":21}},"3":{"start":{"line":5,"column":13},"end":{"line":5,"column":37}},"4":{"start":{"line":6,"column":15},"end":{"line":6,"column":43}},"5":{"start":{"line":7,"column":25},"end":{"line":7,"column":56}},"6":{"start":{"line":8,"column":21},"end":{"line":8,"column":61}},"7":{"start":{"line":10,"column":0},"end":{"line":10,"column":48}},"8":{"start":{"line":11,"column":0},"end":{"line":11,"column":24}},"9":{"start":{"line":13,"column":0},"end":{"line":13,"column":25}},"10":{"start":{"line":14,"column":0},"end":{"line":14,"column":21}},"11":{"start":{"line":15,"column":0},"end":{"line":15,"column":22}},"12":{"start":{"line":21,"column":0},"end":{"line":21,"column":20}}},"fnMap":{},"branchMap":{"0":{"loc":{"start":{"line":5,"column":13},"end":{"line":5,"column":37}},"type":"binary-expr","locations":[{"start":{"line":5,"column":13},"end":{"line":5,"column":29}},{"start":{"line":5,"column":33},"end":{"line":5,"column":37}}],"line":5}},"s":{"0":11,"1":11,"2":11,"3":11,"4":11,"5":11,"6":11,"7":11,"8":11,"9":11,"10":11,"11":11,"12":11},"f":{},"b":{"0":[11,0]},"_coverageSchema":"1a1c01bbd47fc00a2c39e90264f33305004495a9","hash":"c7ca154e9edf05254b8dd3ae6f78eaa7a08cba32"}
,"D:\\Hacktiv8\\Phase 3\\Final Project\\Server\\service\\waiting-list-service\\controllers\\appointment-controller.js": {"path":"D:\\Hacktiv8\\Phase 3\\Final Project\\Server\\service\\waiting-list-service\\controllers\\appointment-controller.js","statementMap":{"0":{"start":{"line":1,"column":21},"end":{"line":1,"column":39}},"1":{"start":{"line":5,"column":4},"end":{"line":37,"column":5}},"2":{"start":{"line":7,"column":40},"end":{"line":7,"column":48}},"3":{"start":{"line":8,"column":25},"end":{"line":8,"column":50}},"4":{"start":{"line":10,"column":6},"end":{"line":34,"column":7}},"5":{"start":{"line":11,"column":31},"end":{"line":17,"column":10}},"6":{"start":{"line":24,"column":12},"end":{"line":24,"column":35}},"7":{"start":{"line":25,"column":8},"end":{"line":31,"column":11}},"8":{"start":{"line":33,"column":8},"end":{"line":33,"column":79}},"9":{"start":{"line":36,"column":6},"end":{"line":36,"column":18}},"10":{"start":{"line":42,"column":4},"end":{"line":94,"column":5}},"11":{"start":{"line":43,"column":25},"end":{"line":43,"column":50}},"12":{"start":{"line":44,"column":27},"end":{"line":89,"column":18}},"13":{"start":{"line":91,"column":6},"end":{"line":91,"column":59}},"14":{"start":{"line":93,"column":6},"end":{"line":93,"column":18}},"15":{"start":{"line":98,"column":4},"end":{"line":139,"column":5}},"16":{"start":{"line":100,"column":17},"end":{"line":100,"column":30}},"17":{"start":{"line":101,"column":25},"end":{"line":101,"column":33}},"18":{"start":{"line":102,"column":25},"end":{"line":102,"column":50}},"19":{"start":{"line":104,"column":6},"end":{"line":135,"column":7}},"20":{"start":{"line":106,"column":35},"end":{"line":108,"column":10}},"21":{"start":{"line":110,"column":8},"end":{"line":132,"column":9}},"22":{"start":{"line":111,"column":36},"end":{"line":118,"column":11}},"23":{"start":{"line":119,"column":10},"end":{"line":129,"column":13}},"24":{"start":{"line":131,"column":10},"end":{"line":131,"column":67}},"25":{"start":{"line":134,"column":8},"end":{"line":134,"column":67}},"26":{"start":{"line":137,"column":6},"end":{"line":137,"column":24}},"27":{"start":{"line":138,"column":6},"end":{"line":138,"column":18}},"28":{"start":{"line":143,"column":0},"end":{"line":143,"column":39}}},"fnMap":{"0":{"name":"(anonymous_0)","decl":{"start":{"line":4,"column":2},"end":{"line":4,"column":3}},"loc":{"start":{"line":4,"column":37},"end":{"line":38,"column":3}},"line":4},"1":{"name":"(anonymous_1)","decl":{"start":{"line":40,"column":2},"end":{"line":40,"column":3}},"loc":{"start":{"line":40,"column":36},"end":{"line":95,"column":3}},"line":40},"2":{"name":"(anonymous_2)","decl":{"start":{"line":97,"column":2},"end":{"line":97,"column":3}},"loc":{"start":{"line":97,"column":44},"end":{"line":140,"column":3}},"line":97}},"branchMap":{"0":{"loc":{"start":{"line":10,"column":6},"end":{"line":34,"column":7}},"type":"if","locations":[{"start":{"line":10,"column":6},"end":{"line":34,"column":7}},{"start":{"line":10,"column":6},"end":{"line":34,"column":7}}],"line":10},"1":{"loc":{"start":{"line":10,"column":10},"end":{"line":10,"column":46}},"type":"binary-expr","locations":[{"start":{"line":10,"column":10},"end":{"line":10,"column":25}},{"start":{"line":10,"column":29},"end":{"line":10,"column":46}}],"line":10},"2":{"loc":{"start":{"line":104,"column":6},"end":{"line":135,"column":7}},"type":"if","locations":[{"start":{"line":104,"column":6},"end":{"line":135,"column":7}},{"start":{"line":104,"column":6},"end":{"line":135,"column":7}}],"line":104},"3":{"loc":{"start":{"line":104,"column":10},"end":{"line":104,"column":42}},"type":"binary-expr","locations":[{"start":{"line":104,"column":10},"end":{"line":104,"column":23}},{"start":{"line":104,"column":27},"end":{"line":104,"column":42}}],"line":104},"4":{"loc":{"start":{"line":110,"column":8},"end":{"line":132,"column":9}},"type":"if","locations":[{"start":{"line":110,"column":8},"end":{"line":132,"column":9}},{"start":{"line":110,"column":8},"end":{"line":132,"column":9}}],"line":110}},"s":{"0":11,"1":2,"2":2,"3":2,"4":2,"5":1,"6":1,"7":1,"8":1,"9":0,"10":1,"11":1,"12":1,"13":1,"14":0,"15":3,"16":3,"17":3,"18":3,"19":3,"20":2,"21":2,"22":1,"23":1,"24":1,"25":1,"26":0,"27":0,"28":11},"f":{"0":2,"1":1,"2":3},"b":{"0":[1,1],"1":[2,1],"2":[2,1],"3":[3,2],"4":[1,1]},"_coverageSchema":"1a1c01bbd47fc00a2c39e90264f33305004495a9","hash":"b94a7771d7b40c435f5768055fbc3db14e9edd61"}
,"D:\\Hacktiv8\\Phase 3\\Final Project\\Server\\service\\waiting-list-service\\controllers\\dental-controller.js": {"path":"D:\\Hacktiv8\\Phase 3\\Final Project\\Server\\service\\waiting-list-service\\controllers\\dental-controller.js","statementMap":{"0":{"start":{"line":1,"column":31},"end":{"line":1,"column":49}},"1":{"start":{"line":5,"column":19},"end":{"line":5,"column":39}},"2":{"start":{"line":7,"column":4},"end":{"line":28,"column":5}},"3":{"start":{"line":8,"column":22},"end":{"line":23,"column":18}},"4":{"start":{"line":25,"column":6},"end":{"line":25,"column":36}},"5":{"start":{"line":27,"column":6},"end":{"line":27,"column":18}},"6":{"start":{"line":32,"column":19},"end":{"line":32,"column":39}},"7":{"start":{"line":33,"column":24},"end":{"line":33,"column":49}},"8":{"start":{"line":35,"column":30},"end":{"line":35,"column":38}},"9":{"start":{"line":37,"column":21},"end":{"line":39,"column":5}},"10":{"start":{"line":41,"column":4},"end":{"line":53,"column":5}},"11":{"start":{"line":42,"column":21},"end":{"line":42,"column":53}},"12":{"start":{"line":43,"column":27},"end":{"line":43,"column":40}},"13":{"start":{"line":44,"column":26},"end":{"line":46,"column":8}},"14":{"start":{"line":47,"column":6},"end":{"line":47,"column":42}},"15":{"start":{"line":48,"column":6},"end":{"line":48,"column":76}},"16":{"start":{"line":49,"column":6},"end":{"line":49,"column":47}},"17":{"start":{"line":50,"column":6},"end":{"line":50,"column":41}},"18":{"start":{"line":52,"column":6},"end":{"line":52,"column":18}},"19":{"start":{"line":57,"column":4},"end":{"line":94,"column":5}},"20":{"start":{"line":58,"column":23},"end":{"line":58,"column":36}},"21":{"start":{"line":59,"column":21},"end":{"line":59,"column":41}},"22":{"start":{"line":78,"column":6},"end":{"line":91,"column":7}},"23":{"start":{"line":79,"column":30},"end":{"line":81,"column":10}},"24":{"start":{"line":82,"column":8},"end":{"line":90,"column":9}},"25":{"start":{"line":83,"column":10},"end":{"line":83,"column":62}},"26":{"start":{"line":84,"column":10},"end":{"line":87,"column":13}},"27":{"start":{"line":89,"column":10},"end":{"line":89,"column":74}},"28":{"start":{"line":93,"column":6},"end":{"line":93,"column":18}},"29":{"start":{"line":98,"column":0},"end":{"line":98,"column":34}}},"fnMap":{"0":{"name":"(anonymous_0)","decl":{"start":{"line":4,"column":2},"end":{"line":4,"column":3}},"loc":{"start":{"line":4,"column":52},"end":{"line":29,"column":3}},"line":4},"1":{"name":"(anonymous_1)","decl":{"start":{"line":31,"column":2},"end":{"line":31,"column":3}},"loc":{"start":{"line":31,"column":53},"end":{"line":54,"column":3}},"line":31},"2":{"name":"(anonymous_2)","decl":{"start":{"line":56,"column":2},"end":{"line":56,"column":3}},"loc":{"start":{"line":56,"column":55},"end":{"line":95,"column":3}},"line":56}},"branchMap":{"0":{"loc":{"start":{"line":78,"column":6},"end":{"line":91,"column":7}},"type":"if","locations":[{"start":{"line":78,"column":6},"end":{"line":91,"column":7}},{"start":{"line":78,"column":6},"end":{"line":91,"column":7}}],"line":78},"1":{"loc":{"start":{"line":78,"column":10},"end":{"line":78,"column":46}},"type":"binary-expr","locations":[{"start":{"line":78,"column":10},"end":{"line":78,"column":25}},{"start":{"line":78,"column":29},"end":{"line":78,"column":46}}],"line":78},"2":{"loc":{"start":{"line":82,"column":8},"end":{"line":90,"column":9}},"type":"if","locations":[{"start":{"line":82,"column":8},"end":{"line":90,"column":9}},{"start":{"line":82,"column":8},"end":{"line":90,"column":9}}],"line":82}},"s":{"0":11,"1":1,"2":1,"3":1,"4":1,"5":0,"6":1,"7":1,"8":1,"9":1,"10":1,"11":1,"12":1,"13":1,"14":1,"15":1,"16":1,"17":1,"18":0,"19":2,"20":2,"21":2,"22":2,"23":2,"24":2,"25":0,"26":0,"27":2,"28":0,"29":11},"f":{"0":1,"1":1,"2":2},"b":{"0":[2,0],"1":[2,2],"2":[0,2]},"_coverageSchema":"1a1c01bbd47fc00a2c39e90264f33305004495a9","hash":"fc06bcca0c1f8f5f2be8a01e28cf74e950838e99"}
,"D:\\Hacktiv8\\Phase 3\\Final Project\\Server\\service\\waiting-list-service\\controllers\\doctor-controller.js": {"path":"D:\\Hacktiv8\\Phase 3\\Final Project\\Server\\service\\waiting-list-service\\controllers\\doctor-controller.js","statementMap":{"0":{"start":{"line":4,"column":23},"end":{"line":4,"column":43}},"1":{"start":{"line":6,"column":8},"end":{"line":12,"column":9}},"2":{"start":{"line":7,"column":28},"end":{"line":7,"column":57}},"3":{"start":{"line":9,"column":12},"end":{"line":9,"column":42}},"4":{"start":{"line":11,"column":12},"end":{"line":11,"column":24}},"5":{"start":{"line":16,"column":0},"end":{"line":16,"column":34}}},"fnMap":{"0":{"name":"(anonymous_0)","decl":{"start":{"line":3,"column":4},"end":{"line":3,"column":5}},"loc":{"start":{"line":3,"column":54},"end":{"line":13,"column":5}},"line":3}},"branchMap":{},"s":{"0":1,"1":1,"2":1,"3":1,"4":0,"5":11},"f":{"0":1},"b":{},"_coverageSchema":"1a1c01bbd47fc00a2c39e90264f33305004495a9","hash":"7ad1ab0c5d5b06a8b5696678c5646bc98cbf1288"}
,"D:\\Hacktiv8\\Phase 3\\Final Project\\Server\\service\\waiting-list-service\\controllers\\general-controller.js": {"path":"D:\\Hacktiv8\\Phase 3\\Final Project\\Server\\service\\waiting-list-service\\controllers\\general-controller.js","statementMap":{"0":{"start":{"line":1,"column":21},"end":{"line":1,"column":39}},"1":{"start":{"line":2,"column":12},"end":{"line":2,"column":29}},"2":{"start":{"line":6,"column":24},"end":{"line":6,"column":45}},"3":{"start":{"line":8,"column":8},"end":{"line":37,"column":9}},"4":{"start":{"line":9,"column":29},"end":{"line":32,"column":24}},"5":{"start":{"line":34,"column":12},"end":{"line":34,"column":43}},"6":{"start":{"line":36,"column":12},"end":{"line":36,"column":24}},"7":{"start":{"line":41,"column":24},"end":{"line":41,"column":45}},"8":{"start":{"line":42,"column":28},"end":{"line":42,"column":53}},"9":{"start":{"line":44,"column":34},"end":{"line":44,"column":42}},"10":{"start":{"line":46,"column":25},"end":{"line":48,"column":9}},"11":{"start":{"line":52,"column":8},"end":{"line":65,"column":9}},"12":{"start":{"line":53,"column":27},"end":{"line":53,"column":60}},"13":{"start":{"line":54,"column":33},"end":{"line":54,"column":48}},"14":{"start":{"line":55,"column":32},"end":{"line":57,"column":13}},"15":{"start":{"line":59,"column":12},"end":{"line":59,"column":48}},"16":{"start":{"line":60,"column":12},"end":{"line":60,"column":82}},"17":{"start":{"line":61,"column":12},"end":{"line":61,"column":55}},"18":{"start":{"line":62,"column":12},"end":{"line":62,"column":47}},"19":{"start":{"line":64,"column":12},"end":{"line":64,"column":24}},"20":{"start":{"line":70,"column":24},"end":{"line":70,"column":37}},"21":{"start":{"line":72,"column":24},"end":{"line":72,"column":45}},"22":{"start":{"line":73,"column":8},"end":{"line":93,"column":9}},"23":{"start":{"line":74,"column":28},"end":{"line":74,"column":79}},"24":{"start":{"line":76,"column":12},"end":{"line":89,"column":13}},"25":{"start":{"line":77,"column":16},"end":{"line":80,"column":19}},"26":{"start":{"line":82,"column":16},"end":{"line":82,"column":48}},"27":{"start":{"line":84,"column":16},"end":{"line":86,"column":18}},"28":{"start":{"line":88,"column":16},"end":{"line":88,"column":120}},"29":{"start":{"line":92,"column":12},"end":{"line":92,"column":24}},"30":{"start":{"line":97,"column":0},"end":{"line":97,"column":35}}},"fnMap":{"0":{"name":"(anonymous_0)","decl":{"start":{"line":5,"column":4},"end":{"line":5,"column":5}},"loc":{"start":{"line":5,"column":55},"end":{"line":38,"column":5}},"line":5},"1":{"name":"(anonymous_1)","decl":{"start":{"line":40,"column":4},"end":{"line":40,"column":5}},"loc":{"start":{"line":40,"column":56},"end":{"line":66,"column":5}},"line":40},"2":{"name":"(anonymous_2)","decl":{"start":{"line":68,"column":4},"end":{"line":68,"column":5}},"loc":{"start":{"line":68,"column":58},"end":{"line":94,"column":5}},"line":68}},"branchMap":{"0":{"loc":{"start":{"line":76,"column":12},"end":{"line":89,"column":13}},"type":"if","locations":[{"start":{"line":76,"column":12},"end":{"line":89,"column":13}},{"start":{"line":76,"column":12},"end":{"line":89,"column":13}}],"line":76}},"s":{"0":11,"1":11,"2":1,"3":1,"4":1,"5":1,"6":0,"7":2,"8":2,"9":2,"10":2,"11":2,"12":2,"13":2,"14":2,"15":2,"16":2,"17":2,"18":2,"19":0,"20":3,"21":3,"22":3,"23":3,"24":2,"25":1,"26":1,"27":1,"28":1,"29":1,"30":11},"f":{"0":1,"1":2,"2":3},"b":{"0":[1,1]},"_coverageSchema":"1a1c01bbd47fc00a2c39e90264f33305004495a9","hash":"6ebe1931fe4ae9a91d54e51ee0d0e46372fd126e"}
,"D:\\Hacktiv8\\Phase 3\\Final Project\\Server\\service\\waiting-list-service\\controllers\\user-controller.js": {"path":"D:\\Hacktiv8\\Phase 3\\Final Project\\Server\\service\\waiting-list-service\\controllers\\user-controller.js","statementMap":{"0":{"start":{"line":1,"column":42},"end":{"line":1,"column":76}},"1":{"start":{"line":2,"column":22},"end":{"line":2,"column":47}},"2":{"start":{"line":3,"column":21},"end":{"line":3,"column":39}},"3":{"start":{"line":4,"column":45},"end":{"line":4,"column":79}},"4":{"start":{"line":8,"column":4},"end":{"line":33,"column":5}},"5":{"start":{"line":9,"column":58},"end":{"line":9,"column":66}},"6":{"start":{"line":10,"column":25},"end":{"line":10,"column":43}},"7":{"start":{"line":11,"column":6},"end":{"line":11,"column":27}},"8":{"start":{"line":12,"column":26},"end":{"line":12,"column":58}},"9":{"start":{"line":14,"column":6},"end":{"line":30,"column":7}},"10":{"start":{"line":15,"column":24},"end":{"line":22,"column":10}},"11":{"start":{"line":23,"column":8},"end":{"line":27,"column":11}},"12":{"start":{"line":29,"column":8},"end":{"line":29,"column":69}},"13":{"start":{"line":32,"column":6},"end":{"line":32,"column":18}},"14":{"start":{"line":37,"column":4},"end":{"line":62,"column":5}},"15":{"start":{"line":38,"column":34},"end":{"line":38,"column":42}},"16":{"start":{"line":39,"column":25},"end":{"line":39,"column":43}},"17":{"start":{"line":41,"column":23},"end":{"line":43,"column":8}},"18":{"start":{"line":45,"column":6},"end":{"line":59,"column":7}},"19":{"start":{"line":47,"column":8},"end":{"line":56,"column":9}},"20":{"start":{"line":48,"column":22},"end":{"line":52,"column":12}},"21":{"start":{"line":53,"column":10},"end":{"line":53,"column":56}},"22":{"start":{"line":55,"column":10},"end":{"line":55,"column":78}},"23":{"start":{"line":58,"column":8},"end":{"line":58,"column":76}},"24":{"start":{"line":61,"column":6},"end":{"line":61,"column":18}},"25":{"start":{"line":66,"column":4},"end":{"line":90,"column":5}},"26":{"start":{"line":67,"column":17},"end":{"line":67,"column":30}},"27":{"start":{"line":68,"column":41},"end":{"line":68,"column":49}},"28":{"start":{"line":69,"column":25},"end":{"line":69,"column":43}},"29":{"start":{"line":71,"column":26},"end":{"line":71,"column":56}},"30":{"start":{"line":73,"column":6},"end":{"line":87,"column":7}},"31":{"start":{"line":74,"column":27},"end":{"line":83,"column":9}},"32":{"start":{"line":84,"column":8},"end":{"line":84,"column":71}},"33":{"start":{"line":86,"column":8},"end":{"line":86,"column":67}},"34":{"start":{"line":89,"column":6},"end":{"line":89,"column":18}},"35":{"start":{"line":94,"column":4},"end":{"line":101,"column":5}},"36":{"start":{"line":95,"column":25},"end":{"line":95,"column":43}},"37":{"start":{"line":97,"column":20},"end":{"line":97,"column":53}},"38":{"start":{"line":98,"column":6},"end":{"line":98,"column":45}},"39":{"start":{"line":100,"column":6},"end":{"line":100,"column":18}},"40":{"start":{"line":106,"column":4},"end":{"line":139,"column":5}},"41":{"start":{"line":107,"column":34},"end":{"line":107,"column":42}},"42":{"start":{"line":108,"column":25},"end":{"line":108,"column":43}},"43":{"start":{"line":110,"column":23},"end":{"line":112,"column":8}},"44":{"start":{"line":114,"column":6},"end":{"line":136,"column":7}},"45":{"start":{"line":116,"column":8},"end":{"line":132,"column":9}},"46":{"start":{"line":118,"column":10},"end":{"line":128,"column":11}},"47":{"start":{"line":119,"column":24},"end":{"line":123,"column":14}},"48":{"start":{"line":125,"column":12},"end":{"line":125,"column":58}},"49":{"start":{"line":127,"column":12},"end":{"line":127,"column":76}},"50":{"start":{"line":131,"column":10},"end":{"line":131,"column":78}},"51":{"start":{"line":135,"column":8},"end":{"line":135,"column":76}},"52":{"start":{"line":138,"column":6},"end":{"line":138,"column":18}},"53":{"start":{"line":143,"column":0},"end":{"line":143,"column":32}}},"fnMap":{"0":{"name":"(anonymous_0)","decl":{"start":{"line":7,"column":2},"end":{"line":7,"column":3}},"loc":{"start":{"line":7,"column":40},"end":{"line":34,"column":3}},"line":7},"1":{"name":"(anonymous_1)","decl":{"start":{"line":36,"column":2},"end":{"line":36,"column":3}},"loc":{"start":{"line":36,"column":37},"end":{"line":63,"column":3}},"line":36},"2":{"name":"(anonymous_2)","decl":{"start":{"line":65,"column":2},"end":{"line":65,"column":3}},"loc":{"start":{"line":65,"column":38},"end":{"line":91,"column":3}},"line":65},"3":{"name":"(anonymous_3)","decl":{"start":{"line":93,"column":2},"end":{"line":93,"column":3}},"loc":{"start":{"line":93,"column":36},"end":{"line":102,"column":3}},"line":93},"4":{"name":"(anonymous_4)","decl":{"start":{"line":104,"column":2},"end":{"line":104,"column":3}},"loc":{"start":{"line":104,"column":42},"end":{"line":140,"column":3}},"line":104}},"branchMap":{"0":{"loc":{"start":{"line":14,"column":6},"end":{"line":30,"column":7}},"type":"if","locations":[{"start":{"line":14,"column":6},"end":{"line":30,"column":7}},{"start":{"line":14,"column":6},"end":{"line":30,"column":7}}],"line":14},"1":{"loc":{"start":{"line":45,"column":6},"end":{"line":59,"column":7}},"type":"if","locations":[{"start":{"line":45,"column":6},"end":{"line":59,"column":7}},{"start":{"line":45,"column":6},"end":{"line":59,"column":7}}],"line":45},"2":{"loc":{"start":{"line":47,"column":8},"end":{"line":56,"column":9}},"type":"if","locations":[{"start":{"line":47,"column":8},"end":{"line":56,"column":9}},{"start":{"line":47,"column":8},"end":{"line":56,"column":9}}],"line":47},"3":{"loc":{"start":{"line":73,"column":6},"end":{"line":87,"column":7}},"type":"if","locations":[{"start":{"line":73,"column":6},"end":{"line":87,"column":7}},{"start":{"line":73,"column":6},"end":{"line":87,"column":7}}],"line":73},"4":{"loc":{"start":{"line":114,"column":6},"end":{"line":136,"column":7}},"type":"if","locations":[{"start":{"line":114,"column":6},"end":{"line":136,"column":7}},{"start":{"line":114,"column":6},"end":{"line":136,"column":7}}],"line":114},"5":{"loc":{"start":{"line":116,"column":8},"end":{"line":132,"column":9}},"type":"if","locations":[{"start":{"line":116,"column":8},"end":{"line":132,"column":9}},{"start":{"line":116,"column":8},"end":{"line":132,"column":9}}],"line":116},"6":{"loc":{"start":{"line":118,"column":10},"end":{"line":128,"column":11}},"type":"if","locations":[{"start":{"line":118,"column":10},"end":{"line":128,"column":11}},{"start":{"line":118,"column":10},"end":{"line":128,"column":11}}],"line":118}},"s":{"0":11,"1":11,"2":11,"3":11,"4":4,"5":4,"6":4,"7":4,"8":4,"9":4,"10":1,"11":1,"12":3,"13":0,"14":2,"15":2,"16":2,"17":2,"18":2,"19":1,"20":1,"21":1,"22":0,"23":1,"24":0,"25":4,"26":4,"27":4,"28":4,"29":4,"30":4,"31":1,"32":1,"33":3,"34":0,"35":1,"36":1,"37":1,"38":1,"39":0,"40":3,"41":3,"42":3,"43":3,"44":3,"45":3,"46":2,"47":1,"48":1,"49":1,"50":1,"51":0,"52":0,"53":11},"f":{"0":4,"1":2,"2":4,"3":1,"4":3},"b":{"0":[1,3],"1":[1,1],"2":[1,0],"3":[1,3],"4":[3,0],"5":[2,1],"6":[1,1]},"_coverageSchema":"1a1c01bbd47fc00a2c39e90264f33305004495a9","hash":"b6a12df93f33b40e9e198b7f8f26d71ea87ff6b1"}
,"D:\\Hacktiv8\\Phase 3\\Final Project\\Server\\service\\waiting-list-service\\helpers\\hashPassword.js": {"path":"D:\\Hacktiv8\\Phase 3\\Final Project\\Server\\service\\waiting-list-service\\helpers\\hashPassword.js","statementMap":{"0":{"start":{"line":1,"column":15},"end":{"line":1,"column":34}},"1":{"start":{"line":4,"column":13},"end":{"line":4,"column":34}},"2":{"start":{"line":5,"column":23},"end":{"line":5,"column":54}},"3":{"start":{"line":7,"column":2},"end":{"line":7,"column":24}},"4":{"start":{"line":11,"column":2},"end":{"line":11,"column":53}},"5":{"start":{"line":14,"column":0},"end":{"line":17,"column":2}}},"fnMap":{"0":{"name":"hashPassword","decl":{"start":{"line":3,"column":9},"end":{"line":3,"column":21}},"loc":{"start":{"line":3,"column":32},"end":{"line":8,"column":1}},"line":3},"1":{"name":"comparePassword","decl":{"start":{"line":10,"column":9},"end":{"line":10,"column":24}},"loc":{"start":{"line":10,"column":50},"end":{"line":12,"column":1}},"line":10}},"branchMap":{},"s":{"0":11,"1":1,"2":1,"3":1,"4":4,"5":11},"f":{"0":1,"1":4},"b":{},"_coverageSchema":"1a1c01bbd47fc00a2c39e90264f33305004495a9","hash":"0904ea93b5f7deae5a8a86ea654061c539f8366a"}
,"D:\\Hacktiv8\\Phase 3\\Final Project\\Server\\service\\waiting-list-service\\helpers\\jwt.js": {"path":"D:\\Hacktiv8\\Phase 3\\Final Project\\Server\\service\\waiting-list-service\\helpers\\jwt.js","statementMap":{"0":{"start":{"line":1,"column":12},"end":{"line":1,"column":35}},"1":{"start":{"line":4,"column":14},"end":{"line":4,"column":55}},"2":{"start":{"line":5,"column":2},"end":{"line":5,"column":15}},"3":{"start":{"line":9,"column":2},"end":{"line":14,"column":3}},"4":{"start":{"line":10,"column":18},"end":{"line":10,"column":59}},"5":{"start":{"line":11,"column":4},"end":{"line":11,"column":19}},"6":{"start":{"line":13,"column":4},"end":{"line":13,"column":16}},"7":{"start":{"line":17,"column":0},"end":{"line":20,"column":2}}},"fnMap":{"0":{"name":"signToken","decl":{"start":{"line":3,"column":9},"end":{"line":3,"column":18}},"loc":{"start":{"line":3,"column":28},"end":{"line":6,"column":1}},"line":3},"1":{"name":"verifyToken","decl":{"start":{"line":8,"column":15},"end":{"line":8,"column":26}},"loc":{"start":{"line":8,"column":34},"end":{"line":15,"column":1}},"line":8}},"branchMap":{},"s":{"0":11,"1":2,"2":2,"3":27,"4":27,"5":27,"6":0,"7":11},"f":{"0":2,"1":27},"b":{},"_coverageSchema":"1a1c01bbd47fc00a2c39e90264f33305004495a9","hash":"c8e3795a590c8adefb62863b2741f6d8b49a21ac"}
,"D:\\Hacktiv8\\Phase 3\\Final Project\\Server\\service\\waiting-list-service\\helpers\\mongoDB.js": {"path":"D:\\Hacktiv8\\Phase 3\\Final Project\\Server\\service\\waiting-list-service\\helpers\\mongoDB.js","statementMap":{"0":{"start":{"line":1,"column":24},"end":{"line":1,"column":42}},"1":{"start":{"line":4,"column":14},"end":{"line":4,"column":42}},"2":{"start":{"line":5,"column":17},"end":{"line":5,"column":67}},"3":{"start":{"line":6,"column":2},"end":{"line":26,"column":3}},"4":{"start":{"line":7,"column":4},"end":{"line":7,"column":27}},"5":{"start":{"line":9,"column":21},"end":{"line":9,"column":54}},"6":{"start":{"line":11,"column":27},"end":{"line":11,"column":56}},"7":{"start":{"line":12,"column":34},"end":{"line":12,"column":69}},"8":{"start":{"line":13,"column":29},"end":{"line":13,"column":59}},"9":{"start":{"line":14,"column":29},"end":{"line":14,"column":59}},"10":{"start":{"line":15,"column":30},"end":{"line":15,"column":61}},"11":{"start":{"line":17,"column":4},"end":{"line":17,"column":40}},"12":{"start":{"line":18,"column":4},"end":{"line":18,"column":54}},"13":{"start":{"line":19,"column":4},"end":{"line":19,"column":44}},"14":{"start":{"line":20,"column":4},"end":{"line":20,"column":44}},"15":{"start":{"line":21,"column":4},"end":{"line":21,"column":46}},"16":{"start":{"line":23,"column":4},"end":{"line":23,"column":11}},"17":{"start":{"line":25,"column":4},"end":{"line":25,"column":23}},"18":{"start":{"line":29,"column":0},"end":{"line":29,"column":34}}},"fnMap":{"0":{"name":"connectToMongoDB","decl":{"start":{"line":3,"column":15},"end":{"line":3,"column":31}},"loc":{"start":{"line":3,"column":48},"end":{"line":27,"column":1}},"line":3}},"branchMap":{},"s":{"0":11,"1":48,"2":48,"3":48,"4":48,"5":48,"6":48,"7":48,"8":48,"9":48,"10":48,"11":48,"12":48,"13":48,"14":48,"15":48,"16":48,"17":0,"18":11},"f":{"0":48},"b":{},"_coverageSchema":"1a1c01bbd47fc00a2c39e90264f33305004495a9","hash":"c6d765ce3e5d17c3f20eca1b295de202209208b9"}
,"D:\\Hacktiv8\\Phase 3\\Final Project\\Server\\service\\waiting-list-service\\helpers\\validateUser.js": {"path":"D:\\Hacktiv8\\Phase 3\\Final Project\\Server\\service\\waiting-list-service\\helpers\\validateUser.js","statementMap":{"0":{"start":{"line":2,"column":54},"end":{"line":2,"column":58}},"1":{"start":{"line":3,"column":21},"end":{"line":3,"column":23}},"2":{"start":{"line":5,"column":2},"end":{"line":44,"column":3}},"3":{"start":{"line":7,"column":4},"end":{"line":11,"column":5}},"4":{"start":{"line":8,"column":6},"end":{"line":8,"column":55}},"5":{"start":{"line":9,"column":11},"end":{"line":11,"column":5}},"6":{"start":{"line":10,"column":6},"end":{"line":10,"column":51}},"7":{"start":{"line":13,"column":22},"end":{"line":13,"column":35}},"8":{"start":{"line":15,"column":4},"end":{"line":19,"column":5}},"9":{"start":{"line":16,"column":6},"end":{"line":16,"column":64}},"10":{"start":{"line":17,"column":11},"end":{"line":19,"column":5}},"11":{"start":{"line":18,"column":6},"end":{"line":18,"column":60}},"12":{"start":{"line":21,"column":4},"end":{"line":25,"column":5}},"13":{"start":{"line":22,"column":6},"end":{"line":22,"column":56}},"14":{"start":{"line":23,"column":11},"end":{"line":25,"column":5}},"15":{"start":{"line":24,"column":6},"end":{"line":24,"column":52}},"16":{"start":{"line":27,"column":4},"end":{"line":29,"column":5}},"17":{"start":{"line":28,"column":6},"end":{"line":28,"column":59}},"18":{"start":{"line":31,"column":4},"end":{"line":35,"column":5}},"19":{"start":{"line":32,"column":6},"end":{"line":32,"column":63}},"20":{"start":{"line":33,"column":11},"end":{"line":35,"column":5}},"21":{"start":{"line":34,"column":6},"end":{"line":34,"column":59}},"22":{"start":{"line":37,"column":4},"end":{"line":41,"column":5}},"23":{"start":{"line":38,"column":6},"end":{"line":38,"column":36}},"24":{"start":{"line":40,"column":6},"end":{"line":40,"column":27}},"25":{"start":{"line":43,"column":4},"end":{"line":43,"column":42}},"26":{"start":{"line":50,"column":37},"end":{"line":50,"column":41}},"27":{"start":{"line":51,"column":21},"end":{"line":51,"column":23}},"28":{"start":{"line":53,"column":2},"end":{"line":81,"column":3}},"29":{"start":{"line":54,"column":4},"end":{"line":58,"column":5}},"30":{"start":{"line":55,"column":6},"end":{"line":55,"column":55}},"31":{"start":{"line":56,"column":11},"end":{"line":58,"column":5}},"32":{"start":{"line":57,"column":6},"end":{"line":57,"column":51}},"33":{"start":{"line":60,"column":22},"end":{"line":60,"column":35}},"34":{"start":{"line":62,"column":4},"end":{"line":66,"column":5}},"35":{"start":{"line":63,"column":6},"end":{"line":63,"column":64}},"36":{"start":{"line":64,"column":11},"end":{"line":66,"column":5}},"37":{"start":{"line":65,"column":6},"end":{"line":65,"column":60}},"38":{"start":{"line":68,"column":4},"end":{"line":72,"column":5}},"39":{"start":{"line":69,"column":6},"end":{"line":69,"column":63}},"40":{"start":{"line":70,"column":11},"end":{"line":72,"column":5}},"41":{"start":{"line":71,"column":6},"end":{"line":71,"column":59}},"42":{"start":{"line":74,"column":4},"end":{"line":78,"column":5}},"43":{"start":{"line":75,"column":6},"end":{"line":75,"column":36}},"44":{"start":{"line":77,"column":6},"end":{"line":77,"column":27}},"45":{"start":{"line":80,"column":4},"end":{"line":80,"column":42}},"46":{"start":{"line":84,"column":0},"end":{"line":87,"column":2}}},"fnMap":{"0":{"name":"validateRegister","decl":{"start":{"line":1,"column":9},"end":{"line":1,"column":25}},"loc":{"start":{"line":1,"column":32},"end":{"line":45,"column":1}},"line":1},"1":{"name":"validateUpdate","decl":{"start":{"line":47,"column":9},"end":{"line":47,"column":23}},"loc":{"start":{"line":47,"column":30},"end":{"line":82,"column":1}},"line":47}},"branchMap":{"0":{"loc":{"start":{"line":7,"column":4},"end":{"line":11,"column":5}},"type":"if","locations":[{"start":{"line":7,"column":4},"end":{"line":11,"column":5}},{"start":{"line":7,"column":4},"end":{"line":11,"column":5}}],"line":7},"1":{"loc":{"start":{"line":7,"column":8},"end":{"line":7,"column":36}},"type":"binary-expr","locations":[{"start":{"line":7,"column":8},"end":{"line":7,"column":19}},{"start":{"line":7,"column":23},"end":{"line":7,"column":36}}],"line":7},"2":{"loc":{"start":{"line":9,"column":11},"end":{"line":11,"column":5}},"type":"if","locations":[{"start":{"line":9,"column":11},"end":{"line":11,"column":5}},{"start":{"line":9,"column":11},"end":{"line":11,"column":5}}],"line":9},"3":{"loc":{"start":{"line":15,"column":4},"end":{"line":19,"column":5}},"type":"if","locations":[{"start":{"line":15,"column":4},"end":{"line":19,"column":5}},{"start":{"line":15,"column":4},"end":{"line":19,"column":5}}],"line":15},"4":{"loc":{"start":{"line":15,"column":8},"end":{"line":15,"column":34}},"type":"binary-expr","locations":[{"start":{"line":15,"column":8},"end":{"line":15,"column":18}},{"start":{"line":15,"column":22},"end":{"line":15,"column":34}}],"line":15},"5":{"loc":{"start":{"line":17,"column":11},"end":{"line":19,"column":5}},"type":"if","locations":[{"start":{"line":17,"column":11},"end":{"line":19,"column":5}},{"start":{"line":17,"column":11},"end":{"line":19,"column":5}}],"line":17},"6":{"loc":{"start":{"line":21,"column":4},"end":{"line":25,"column":5}},"type":"if","locations":[{"start":{"line":21,"column":4},"end":{"line":25,"column":5}},{"start":{"line":21,"column":4},"end":{"line":25,"column":5}}],"line":21},"7":{"loc":{"start":{"line":21,"column":8},"end":{"line":21,"column":38}},"type":"binary-expr","locations":[{"start":{"line":21,"column":8},"end":{"line":21,"column":20}},{"start":{"line":21,"column":24},"end":{"line":21,"column":38}}],"line":21},"8":{"loc":{"start":{"line":23,"column":11},"end":{"line":25,"column":5}},"type":"if","locations":[{"start":{"line":23,"column":11},"end":{"line":25,"column":5}},{"start":{"line":23,"column":11},"end":{"line":25,"column":5}}],"line":23},"9":{"loc":{"start":{"line":27,"column":4},"end":{"line":29,"column":5}},"type":"if","locations":[{"start":{"line":27,"column":4},"end":{"line":29,"column":5}},{"start":{"line":27,"column":4},"end":{"line":29,"column":5}}],"line":27},"10":{"loc":{"start":{"line":27,"column":8},"end":{"line":27,"column":44}},"type":"binary-expr","locations":[{"start":{"line":27,"column":8},"end":{"line":27,"column":23}},{"start":{"line":27,"column":27},"end":{"line":27,"column":44}}],"line":27},"11":{"loc":{"start":{"line":31,"column":4},"end":{"line":35,"column":5}},"type":"if","locations":[{"start":{"line":31,"column":4},"end":{"line":35,"column":5}},{"start":{"line":31,"column":4},"end":{"line":35,"column":5}}],"line":31},"12":{"loc":{"start":{"line":31,"column":8},"end":{"line":31,"column":50}},"type":"binary-expr","locations":[{"start":{"line":31,"column":8},"end":{"line":31,"column":26}},{"start":{"line":31,"column":30},"end":{"line":31,"column":50}}],"line":31},"13":{"loc":{"start":{"line":33,"column":11},"end":{"line":35,"column":5}},"type":"if","locations":[{"start":{"line":33,"column":11},"end":{"line":35,"column":5}},{"start":{"line":33,"column":11},"end":{"line":35,"column":5}}],"line":33},"14":{"loc":{"start":{"line":37,"column":4},"end":{"line":41,"column":5}},"type":"if","locations":[{"start":{"line":37,"column":4},"end":{"line":41,"column":5}},{"start":{"line":37,"column":4},"end":{"line":41,"column":5}}],"line":37},"15":{"loc":{"start":{"line":54,"column":4},"end":{"line":58,"column":5}},"type":"if","locations":[{"start":{"line":54,"column":4},"end":{"line":58,"column":5}},{"start":{"line":54,"column":4},"end":{"line":58,"column":5}}],"line":54},"16":{"loc":{"start":{"line":54,"column":8},"end":{"line":54,"column":36}},"type":"binary-expr","locations":[{"start":{"line":54,"column":8},"end":{"line":54,"column":19}},{"start":{"line":54,"column":23},"end":{"line":54,"column":36}}],"line":54},"17":{"loc":{"start":{"line":56,"column":11},"end":{"line":58,"column":5}},"type":"if","locations":[{"start":{"line":56,"column":11},"end":{"line":58,"column":5}},{"start":{"line":56,"column":11},"end":{"line":58,"column":5}}],"line":56},"18":{"loc":{"start":{"line":62,"column":4},"end":{"line":66,"column":5}},"type":"if","locations":[{"start":{"line":62,"column":4},"end":{"line":66,"column":5}},{"start":{"line":62,"column":4},"end":{"line":66,"column":5}}],"line":62},"19":{"loc":{"start":{"line":62,"column":8},"end":{"line":62,"column":34}},"type":"binary-expr","locations":[{"start":{"line":62,"column":8},"end":{"line":62,"column":18}},{"start":{"line":62,"column":22},"end":{"line":62,"column":34}}],"line":62},"20":{"loc":{"start":{"line":64,"column":11},"end":{"line":66,"column":5}},"type":"if","locations":[{"start":{"line":64,"column":11},"end":{"line":66,"column":5}},{"start":{"line":64,"column":11},"end":{"line":66,"column":5}}],"line":64},"21":{"loc":{"start":{"line":68,"column":4},"end":{"line":72,"column":5}},"type":"if","locations":[{"start":{"line":68,"column":4},"end":{"line":72,"column":5}},{"start":{"line":68,"column":4},"end":{"line":72,"column":5}}],"line":68},"22":{"loc":{"start":{"line":68,"column":8},"end":{"line":68,"column":50}},"type":"binary-expr","locations":[{"start":{"line":68,"column":8},"end":{"line":68,"column":26}},{"start":{"line":68,"column":30},"end":{"line":68,"column":50}}],"line":68},"23":{"loc":{"start":{"line":70,"column":11},"end":{"line":72,"column":5}},"type":"if","locations":[{"start":{"line":70,"column":11},"end":{"line":72,"column":5}},{"start":{"line":70,"column":11},"end":{"line":72,"column":5}}],"line":70},"24":{"loc":{"start":{"line":74,"column":4},"end":{"line":78,"column":5}},"type":"if","locations":[{"start":{"line":74,"column":4},"end":{"line":78,"column":5}},{"start":{"line":74,"column":4},"end":{"line":78,"column":5}}],"line":74}},"s":{"0":4,"1":4,"2":4,"3":4,"4":1,"5":3,"6":0,"7":4,"8":4,"9":1,"10":3,"11":1,"12":4,"13":1,"14":3,"15":0,"16":4,"17":1,"18":4,"19":1,"20":3,"21":0,"22":3,"23":2,"24":1,"25":1,"26":4,"27":4,"28":4,"29":4,"30":1,"31":3,"32":0,"33":4,"34":4,"35":1,"36":3,"37":1,"38":4,"39":1,"40":3,"41":0,"42":3,"43":2,"44":1,"45":1,"46":11},"f":{"0":4,"1":4},"b":{"0":[1,3],"1":[4,3],"2":[0,3],"3":[1,3],"4":[4,3],"5":[1,2],"6":[1,3],"7":[4,3],"8":[0,3],"9":[1,3],"10":[4,3],"11":[1,3],"12":[4,3],"13":[0,2],"14":[2,1],"15":[1,3],"16":[4,3],"17":[0,3],"18":[1,3],"19":[4,3],"20":[1,2],"21":[1,3],"22":[4,3],"23":[0,2],"24":[2,1]},"_coverageSchema":"1a1c01bbd47fc00a2c39e90264f33305004495a9","hash":"f20e59d65acc760dea45fc08dce7f73fae56a831"}
,"D:\\Hacktiv8\\Phase 3\\Final Project\\Server\\service\\waiting-list-service\\middlewares\\auth.js": {"path":"D:\\Hacktiv8\\Phase 3\\Final Project\\Server\\service\\waiting-list-service\\middlewares\\auth.js","statementMap":{"0":{"start":{"line":1,"column":24},"end":{"line":1,"column":49}},"1":{"start":{"line":2,"column":21},"end":{"line":2,"column":39}},"2":{"start":{"line":5,"column":2},"end":{"line":13,"column":3}},"3":{"start":{"line":6,"column":4},"end":{"line":10,"column":5}},"4":{"start":{"line":7,"column":6},"end":{"line":7,"column":70}},"5":{"start":{"line":9,"column":6},"end":{"line":9,"column":13}},"6":{"start":{"line":12,"column":4},"end":{"line":12,"column":16}},"7":{"start":{"line":17,"column":2},"end":{"line":25,"column":3}},"8":{"start":{"line":18,"column":4},"end":{"line":22,"column":5}},"9":{"start":{"line":19,"column":6},"end":{"line":19,"column":69}},"10":{"start":{"line":21,"column":6},"end":{"line":21,"column":13}},"11":{"start":{"line":24,"column":4},"end":{"line":24,"column":16}},"12":{"start":{"line":30,"column":2},"end":{"line":54,"column":3}},"13":{"start":{"line":31,"column":29},"end":{"line":31,"column":40}},"14":{"start":{"line":32,"column":23},"end":{"line":32,"column":41}},"15":{"start":{"line":35,"column":4},"end":{"line":51,"column":5}},"16":{"start":{"line":36,"column":22},"end":{"line":36,"column":53}},"17":{"start":{"line":37,"column":23},"end":{"line":37,"column":73}},"18":{"start":{"line":40,"column":6},"end":{"line":47,"column":7}},"19":{"start":{"line":41,"column":8},"end":{"line":41,"column":35}},"20":{"start":{"line":43,"column":8},"end":{"line":43,"column":15}},"21":{"start":{"line":46,"column":8},"end":{"line":46,"column":76}},"22":{"start":{"line":50,"column":6},"end":{"line":50,"column":74}},"23":{"start":{"line":53,"column":4},"end":{"line":53,"column":16}},"24":{"start":{"line":58,"column":2},"end":{"line":75,"column":3}},"25":{"start":{"line":59,"column":19},"end":{"line":59,"column":32}},"26":{"start":{"line":60,"column":20},"end":{"line":60,"column":35}},"27":{"start":{"line":61,"column":23},"end":{"line":61,"column":41}},"28":{"start":{"line":62,"column":21},"end":{"line":62,"column":72}},"29":{"start":{"line":64,"column":4},"end":{"line":72,"column":5}},"30":{"start":{"line":65,"column":6},"end":{"line":69,"column":7}},"31":{"start":{"line":66,"column":8},"end":{"line":66,"column":15}},"32":{"start":{"line":68,"column":8},"end":{"line":68,"column":68}},"33":{"start":{"line":71,"column":6},"end":{"line":71,"column":63}},"34":{"start":{"line":74,"column":4},"end":{"line":74,"column":16}},"35":{"start":{"line":78,"column":0},"end":{"line":83,"column":2}}},"fnMap":{"0":{"name":"isAdmin","decl":{"start":{"line":4,"column":15},"end":{"line":4,"column":22}},"loc":{"start":{"line":4,"column":39},"end":{"line":14,"column":1}},"line":4},"1":{"name":"isUser","decl":{"start":{"line":16,"column":15},"end":{"line":16,"column":21}},"loc":{"start":{"line":16,"column":38},"end":{"line":26,"column":1}},"line":16},"2":{"name":"authentication","decl":{"start":{"line":28,"column":15},"end":{"line":28,"column":29}},"loc":{"start":{"line":28,"column":46},"end":{"line":55,"column":1}},"line":28},"3":{"name":"authorization","decl":{"start":{"line":57,"column":15},"end":{"line":57,"column":28}},"loc":{"start":{"line":57,"column":45},"end":{"line":76,"column":1}},"line":57}},"branchMap":{"0":{"loc":{"start":{"line":6,"column":4},"end":{"line":10,"column":5}},"type":"if","locations":[{"start":{"line":6,"column":4},"end":{"line":10,"column":5}},{"start":{"line":6,"column":4},"end":{"line":10,"column":5}}],"line":6},"1":{"loc":{"start":{"line":18,"column":4},"end":{"line":22,"column":5}},"type":"if","locations":[{"start":{"line":18,"column":4},"end":{"line":22,"column":5}},{"start":{"line":18,"column":4},"end":{"line":22,"column":5}}],"line":18},"2":{"loc":{"start":{"line":35,"column":4},"end":{"line":51,"column":5}},"type":"if","locations":[{"start":{"line":35,"column":4},"end":{"line":51,"column":5}},{"start":{"line":35,"column":4},"end":{"line":51,"column":5}}],"line":35},"3":{"loc":{"start":{"line":40,"column":6},"end":{"line":47,"column":7}},"type":"if","locations":[{"start":{"line":40,"column":6},"end":{"line":47,"column":7}},{"start":{"line":40,"column":6},"end":{"line":47,"column":7}}],"line":40},"4":{"loc":{"start":{"line":64,"column":4},"end":{"line":72,"column":5}},"type":"if","locations":[{"start":{"line":64,"column":4},"end":{"line":72,"column":5}},{"start":{"line":64,"column":4},"end":{"line":72,"column":5}}],"line":64},"5":{"loc":{"start":{"line":65,"column":6},"end":{"line":69,"column":7}},"type":"if","locations":[{"start":{"line":65,"column":6},"end":{"line":69,"column":7}},{"start":{"line":65,"column":6},"end":{"line":69,"column":7}}],"line":65}},"s":{"0":11,"1":11,"2":12,"3":12,"4":3,"5":9,"6":0,"7":0,"8":0,"9":0,"10":0,"11":0,"12":39,"13":39,"14":39,"15":39,"16":27,"17":27,"18":27,"19":27,"20":27,"21":0,"22":12,"23":0,"24":6,"25":6,"26":6,"27":6,"28":6,"29":6,"30":5,"31":4,"32":1,"33":1,"34":0,"35":11},"f":{"0":12,"1":0,"2":39,"3":6},"b":{"0":[3,9],"1":[0,0],"2":[27,12],"3":[27,0],"4":[5,1],"5":[4,1]},"_coverageSchema":"1a1c01bbd47fc00a2c39e90264f33305004495a9","hash":"362ea27a0c2990c29c5d2299e5f2c06e72258dbd"}
,"D:\\Hacktiv8\\Phase 3\\Final Project\\Server\\service\\waiting-list-service\\middlewares\\errorHandler.js": {"path":"D:\\Hacktiv8\\Phase 3\\Final Project\\Server\\service\\waiting-list-service\\middlewares\\errorHandler.js","statementMap":{"0":{"start":{"line":1,"column":21},"end":{"line":33,"column":1}},"1":{"start":{"line":3,"column":2},"end":{"line":32,"column":3}},"2":{"start":{"line":6,"column":6},"end":{"line":6,"column":49}},"3":{"start":{"line":8,"column":6},"end":{"line":8,"column":12}},"4":{"start":{"line":11,"column":6},"end":{"line":11,"column":49}},"5":{"start":{"line":13,"column":6},"end":{"line":13,"column":12}},"6":{"start":{"line":16,"column":6},"end":{"line":16,"column":49}},"7":{"start":{"line":18,"column":6},"end":{"line":18,"column":12}},"8":{"start":{"line":21,"column":6},"end":{"line":21,"column":49}},"9":{"start":{"line":23,"column":6},"end":{"line":23,"column":12}},"10":{"start":{"line":26,"column":6},"end":{"line":30,"column":9}},"11":{"start":{"line":31,"column":6},"end":{"line":31,"column":12}},"12":{"start":{"line":35,"column":0},"end":{"line":35,"column":30}}},"fnMap":{"0":{"name":"(anonymous_0)","decl":{"start":{"line":1,"column":21},"end":{"line":1,"column":22}},"loc":{"start":{"line":1,"column":46},"end":{"line":33,"column":1}},"line":1}},"branchMap":{"0":{"loc":{"start":{"line":3,"column":2},"end":{"line":32,"column":3}},"type":"switch","locations":[{"start":{"line":5,"column":4},"end":{"line":8,"column":12}},{"start":{"line":10,"column":4},"end":{"line":13,"column":12}},{"start":{"line":15,"column":4},"end":{"line":18,"column":12}},{"start":{"line":20,"column":4},"end":{"line":23,"column":12}},{"start":{"line":25,"column":4},"end":{"line":31,"column":12}}],"line":3}},"s":{"0":11,"1":33,"2":8,"3":8,"4":14,"5":14,"6":5,"7":5,"8":5,"9":5,"10":1,"11":1,"12":11},"f":{"0":33},"b":{"0":[8,14,5,5,1]},"_coverageSchema":"1a1c01bbd47fc00a2c39e90264f33305004495a9","hash":"61f86afa8b29b08c29059c68dc21ed87769e18a3"}
,"D:\\Hacktiv8\\Phase 3\\Final Project\\Server\\service\\waiting-list-service\\routes\\appointment-route.js": {"path":"D:\\Hacktiv8\\Phase 3\\Final Project\\Server\\service\\waiting-list-service\\routes\\appointment-route.js","statementMap":{"0":{"start":{"line":1,"column":16},"end":{"line":1,"column":34}},"1":{"start":{"line":2,"column":15},"end":{"line":2,"column":31}},"2":{"start":{"line":4,"column":30},"end":{"line":4,"column":78}},"3":{"start":{"line":5,"column":34},"end":{"line":5,"column":64}},"4":{"start":{"line":7,"column":0},"end":{"line":7,"column":61}},"5":{"start":{"line":8,"column":0},"end":{"line":8,"column":59}},"6":{"start":{"line":9,"column":0},"end":{"line":9,"column":79}},"7":{"start":{"line":11,"column":0},"end":{"line":11,"column":23}}},"fnMap":{},"branchMap":{},"s":{"0":11,"1":11,"2":11,"3":11,"4":11,"5":11,"6":11,"7":11},"f":{},"b":{},"_coverageSchema":"1a1c01bbd47fc00a2c39e90264f33305004495a9","hash":"3e7d134106fd76191edf2a237ef8e6fa366e092a"}
,"D:\\Hacktiv8\\Phase 3\\Final Project\\Server\\service\\waiting-list-service\\routes\\dental.js": {"path":"D:\\Hacktiv8\\Phase 3\\Final Project\\Server\\service\\waiting-list-service\\routes\\dental.js","statementMap":{"0":{"start":{"line":1,"column":16},"end":{"line":1,"column":34}},"1":{"start":{"line":2,"column":25},"end":{"line":2,"column":68}},"2":{"start":{"line":3,"column":36},"end":{"line":3,"column":66}},"3":{"start":{"line":5,"column":15},"end":{"line":5,"column":31}},"4":{"start":{"line":7,"column":0},"end":{"line":7,"column":71}},"5":{"start":{"line":8,"column":0},"end":{"line":8,"column":73}},"6":{"start":{"line":9,"column":0},"end":{"line":9,"column":89}},"7":{"start":{"line":11,"column":0},"end":{"line":11,"column":24}}},"fnMap":{},"branchMap":{},"s":{"0":11,"1":11,"2":11,"3":11,"4":11,"5":11,"6":11,"7":11},"f":{},"b":{},"_coverageSchema":"1a1c01bbd47fc00a2c39e90264f33305004495a9","hash":"00325d0dc2ce7523acaefdcfb9db9c545627d88c"}
,"D:\\Hacktiv8\\Phase 3\\Final Project\\Server\\service\\waiting-list-service\\routes\\doctor.js": {"path":"D:\\Hacktiv8\\Phase 3\\Final Project\\Server\\service\\waiting-list-service\\routes\\doctor.js","statementMap":{"0":{"start":{"line":1,"column":16},"end":{"line":1,"column":34}},"1":{"start":{"line":2,"column":25},"end":{"line":2,"column":68}},"2":{"start":{"line":3,"column":27},"end":{"line":3,"column":57}},"3":{"start":{"line":5,"column":15},"end":{"line":5,"column":31}},"4":{"start":{"line":7,"column":0},"end":{"line":7,"column":71}},"5":{"start":{"line":9,"column":0},"end":{"line":9,"column":24}}},"fnMap":{},"branchMap":{},"s":{"0":11,"1":11,"2":11,"3":11,"4":11,"5":11},"f":{},"b":{},"_coverageSchema":"1a1c01bbd47fc00a2c39e90264f33305004495a9","hash":"78df1c858797f464a4e93ade663d968238f11a86"}
,"D:\\Hacktiv8\\Phase 3\\Final Project\\Server\\service\\waiting-list-service\\routes\\general.js": {"path":"D:\\Hacktiv8\\Phase 3\\Final Project\\Server\\service\\waiting-list-service\\routes\\general.js","statementMap":{"0":{"start":{"line":1,"column":16},"end":{"line":1,"column":34}},"1":{"start":{"line":2,"column":26},"end":{"line":2,"column":70}},"2":{"start":{"line":3,"column":36},"end":{"line":3,"column":66}},"3":{"start":{"line":5,"column":15},"end":{"line":5,"column":31}},"4":{"start":{"line":7,"column":0},"end":{"line":7,"column":73}},"5":{"start":{"line":8,"column":0},"end":{"line":8,"column":75}},"6":{"start":{"line":9,"column":0},"end":{"line":9,"column":91}},"7":{"start":{"line":11,"column":0},"end":{"line":11,"column":24}}},"fnMap":{},"branchMap":{},"s":{"0":11,"1":11,"2":11,"3":11,"4":11,"5":11,"6":11,"7":11},"f":{},"b":{},"_coverageSchema":"1a1c01bbd47fc00a2c39e90264f33305004495a9","hash":"5b02a75a262921729669121d04dd28800837dfe8"}
,"D:\\Hacktiv8\\Phase 3\\Final Project\\Server\\service\\waiting-list-service\\routes\\index.js": {"path":"D:\\Hacktiv8\\Phase 3\\Final Project\\Server\\service\\waiting-list-service\\routes\\index.js","statementMap":{"0":{"start":{"line":1,"column":16},"end":{"line":1,"column":34}},"1":{"start":{"line":2,"column":15},"end":{"line":2,"column":31}},"2":{"start":{"line":4,"column":18},"end":{"line":4,"column":41}},"3":{"start":{"line":5,"column":25},"end":{"line":5,"column":55}},"4":{"start":{"line":6,"column":20},"end":{"line":6,"column":39}},"5":{"start":{"line":7,"column":20},"end":{"line":7,"column":39}},"6":{"start":{"line":8,"column":21},"end":{"line":8,"column":41}},"7":{"start":{"line":10,"column":0},"end":{"line":10,"column":30}},"8":{"start":{"line":11,"column":0},"end":{"line":11,"column":44}},"9":{"start":{"line":12,"column":0},"end":{"line":12,"column":34}},"10":{"start":{"line":13,"column":0},"end":{"line":13,"column":34}},"11":{"start":{"line":14,"column":0},"end":{"line":14,"column":36}},"12":{"start":{"line":16,"column":0},"end":{"line":16,"column":23}}},"fnMap":{},"branchMap":{},"s":{"0":11,"1":11,"2":11,"3":11,"4":11,"5":11,"6":11,"7":11,"8":11,"9":11,"10":11,"11":11,"12":11},"f":{},"b":{},"_coverageSchema":"1a1c01bbd47fc00a2c39e90264f33305004495a9","hash":"c258749c9cbe73c42745ae4689880ace036a68ee"}
,"D:\\Hacktiv8\\Phase 3\\Final Project\\Server\\service\\waiting-list-service\\routes\\user-route.js": {"path":"D:\\Hacktiv8\\Phase 3\\Final Project\\Server\\service\\waiting-list-service\\routes\\user-route.js","statementMap":{"0":{"start":{"line":1,"column":16},"end":{"line":1,"column":34}},"1":{"start":{"line":2,"column":15},"end":{"line":2,"column":31}},"2":{"start":{"line":3,"column":49},"end":{"line":3,"column":79}},"3":{"start":{"line":5,"column":23},"end":{"line":5,"column":64}},"4":{"start":{"line":7,"column":0},"end":{"line":7,"column":49}},"5":{"start":{"line":8,"column":0},"end":{"line":8,"column":43}},"6":{"start":{"line":9,"column":0},"end":{"line":9,"column":53}},"7":{"start":{"line":10,"column":0},"end":{"line":10,"column":72}},"8":{"start":{"line":11,"column":0},"end":{"line":11,"column":61}},"9":{"start":{"line":13,"column":0},"end":{"line":13,"column":23}}},"fnMap":{},"branchMap":{},"s":{"0":11,"1":11,"2":11,"3":11,"4":11,"5":11,"6":11,"7":11,"8":11,"9":11},"f":{},"b":{},"_coverageSchema":"1a1c01bbd47fc00a2c39e90264f33305004495a9","hash":"8cd5eb8a14c9ced443afed15dce7b931e8cd0be0"}
}
