{"D:\\Hacktiv8\\Phase 3\\Final Project\\Server\\service\\waiting-list-service\\app.js": {"path":"D:\\Hacktiv8\\Phase 3\\Final Project\\Server\\service\\waiting-list-service\\app.js","statementMap":{"0":{"start":{"line":1,"column":16},"end":{"line":1,"column":34}},"1":{"start":{"line":2,"column":0},"end":{"line":2,"column":26}},"2":{"start":{"line":4,"column":12},"end":{"line":4,"column":21}},"3":{"start":{"line":5,"column":13},"end":{"line":5,"column":37}},"4":{"start":{"line":6,"column":15},"end":{"line":6,"column":43}},"5":{"start":{"line":7,"column":25},"end":{"line":7,"column":56}},"6":{"start":{"line":8,"column":21},"end":{"line":8,"column":61}},"7":{"start":{"line":10,"column":0},"end":{"line":10,"column":48}},"8":{"start":{"line":11,"column":0},"end":{"line":11,"column":24}},"9":{"start":{"line":13,"column":0},"end":{"line":13,"column":25}},"10":{"start":{"line":14,"column":0},"end":{"line":14,"column":21}},"11":{"start":{"line":15,"column":0},"end":{"line":15,"column":22}},"12":{"start":{"line":21,"column":0},"end":{"line":21,"column":20}}},"fnMap":{},"branchMap":{"0":{"loc":{"start":{"line":5,"column":13},"end":{"line":5,"column":37}},"type":"binary-expr","locations":[{"start":{"line":5,"column":13},"end":{"line":5,"column":29}},{"start":{"line":5,"column":33},"end":{"line":5,"column":37}}],"line":5}},"s":{"0":11,"1":11,"2":11,"3":11,"4":11,"5":11,"6":11,"7":11,"8":11,"9":11,"10":11,"11":11,"12":11},"f":{},"b":{"0":[11,0]},"_coverageSchema":"1a1c01bbd47fc00a2c39e90264f33305004495a9","hash":"c7ca154e9edf05254b8dd3ae6f78eaa7a08cba32"}
,"D:\\Hacktiv8\\Phase 3\\Final Project\\Server\\service\\waiting-list-service\\controllers\\appointment-controller.js": {"path":"D:\\Hacktiv8\\Phase 3\\Final Project\\Server\\service\\waiting-list-service\\controllers\\appointment-controller.js","statementMap":{"0":{"start":{"line":1,"column":21},"end":{"line":1,"column":39}},"1":{"start":{"line":5,"column":4},"end":{"line":37,"column":5}},"2":{"start":{"line":6,"column":40},"end":{"line":6,"column":48}},"3":{"start":{"line":7,"column":25},"end":{"line":7,"column":50}},"4":{"start":{"line":9,"column":6},"end":{"line":33,"column":7}},"5":{"start":{"line":10,"column":31},"end":{"line":16,"column":10}},"6":{"start":{"line":23,"column":12},"end":{"line":23,"column":33}},"7":{"start":{"line":24,"column":8},"end":{"line":30,"column":11}},"8":{"start":{"line":32,"column":8},"end":{"line":32,"column":79}},"9":{"start":{"line":35,"column":6},"end":{"line":35,"column":24}},"10":{"start":{"line":36,"column":6},"end":{"line":36,"column":18}},"11":{"start":{"line":41,"column":4},"end":{"line":87,"column":5}},"12":{"start":{"line":42,"column":25},"end":{"line":42,"column":50}},"13":{"start":{"line":43,"column":27},"end":{"line":82,"column":18}},"14":{"start":{"line":84,"column":6},"end":{"line":84,"column":59}},"15":{"start":{"line":86,"column":6},"end":{"line":86,"column":18}},"16":{"start":{"line":91,"column":4},"end":{"line":129,"column":5}},"17":{"start":{"line":92,"column":17},"end":{"line":92,"column":30}},"18":{"start":{"line":93,"column":25},"end":{"line":93,"column":33}},"19":{"start":{"line":94,"column":25},"end":{"line":94,"column":50}},"20":{"start":{"line":96,"column":6},"end":{"line":125,"column":7}},"21":{"start":{"line":97,"column":35},"end":{"line":99,"column":10}},"22":{"start":{"line":100,"column":8},"end":{"line":122,"column":9}},"23":{"start":{"line":101,"column":36},"end":{"line":108,"column":11}},"24":{"start":{"line":109,"column":10},"end":{"line":119,"column":13}},"25":{"start":{"line":121,"column":10},"end":{"line":121,"column":67}},"26":{"start":{"line":124,"column":8},"end":{"line":124,"column":67}},"27":{"start":{"line":127,"column":6},"end":{"line":127,"column":24}},"28":{"start":{"line":128,"column":6},"end":{"line":128,"column":18}},"29":{"start":{"line":133,"column":0},"end":{"line":133,"column":39}}},"fnMap":{"0":{"name":"(anonymous_0)","decl":{"start":{"line":4,"column":2},"end":{"line":4,"column":3}},"loc":{"start":{"line":4,"column":37},"end":{"line":38,"column":3}},"line":4},"1":{"name":"(anonymous_1)","decl":{"start":{"line":40,"column":2},"end":{"line":40,"column":3}},"loc":{"start":{"line":40,"column":36},"end":{"line":88,"column":3}},"line":40},"2":{"name":"(anonymous_2)","decl":{"start":{"line":90,"column":2},"end":{"line":90,"column":3}},"loc":{"start":{"line":90,"column":44},"end":{"line":130,"column":3}},"line":90}},"branchMap":{"0":{"loc":{"start":{"line":9,"column":6},"end":{"line":33,"column":7}},"type":"if","locations":[{"start":{"line":9,"column":6},"end":{"line":33,"column":7}},{"start":{"line":9,"column":6},"end":{"line":33,"column":7}}],"line":9},"1":{"loc":{"start":{"line":9,"column":10},"end":{"line":9,"column":46}},"type":"binary-expr","locations":[{"start":{"line":9,"column":10},"end":{"line":9,"column":25}},{"start":{"line":9,"column":29},"end":{"line":9,"column":46}}],"line":9},"2":{"loc":{"start":{"line":96,"column":6},"end":{"line":125,"column":7}},"type":"if","locations":[{"start":{"line":96,"column":6},"end":{"line":125,"column":7}},{"start":{"line":96,"column":6},"end":{"line":125,"column":7}}],"line":96},"3":{"loc":{"start":{"line":96,"column":10},"end":{"line":96,"column":42}},"type":"binary-expr","locations":[{"start":{"line":96,"column":10},"end":{"line":96,"column":23}},{"start":{"line":96,"column":27},"end":{"line":96,"column":42}}],"line":96},"4":{"loc":{"start":{"line":100,"column":8},"end":{"line":122,"column":9}},"type":"if","locations":[{"start":{"line":100,"column":8},"end":{"line":122,"column":9}},{"start":{"line":100,"column":8},"end":{"line":122,"column":9}}],"line":100}},"s":{"0":11,"1":1,"2":1,"3":1,"4":1,"5":1,"6":1,"7":1,"8":0,"9":0,"10":0,"11":1,"12":1,"13":1,"14":1,"15":0,"16":1,"17":1,"18":1,"19":1,"20":1,"21":1,"22":1,"23":1,"24":1,"25":0,"26":0,"27":0,"28":0,"29":11},"f":{"0":1,"1":1,"2":1},"b":{"0":[1,0],"1":[1,1],"2":[1,0],"3":[1,1],"4":[1,0]},"_coverageSchema":"1a1c01bbd47fc00a2c39e90264f33305004495a9","hash":"b74420c1820b6409ee1a70ac7c99d01e870f2a82"}
,"D:\\Hacktiv8\\Phase 3\\Final Project\\Server\\service\\waiting-list-service\\controllers\\dental-controller.js": {"path":"D:\\Hacktiv8\\Phase 3\\Final Project\\Server\\service\\waiting-list-service\\controllers\\dental-controller.js","statementMap":{"0":{"start":{"line":1,"column":21},"end":{"line":1,"column":39}},"1":{"start":{"line":6,"column":23},"end":{"line":6,"column":43}},"2":{"start":{"line":8,"column":8},"end":{"line":34,"column":9}},"3":{"start":{"line":9,"column":28},"end":{"line":29,"column":24}},"4":{"start":{"line":31,"column":12},"end":{"line":31,"column":42}},"5":{"start":{"line":33,"column":12},"end":{"line":33,"column":24}},"6":{"start":{"line":38,"column":23},"end":{"line":38,"column":43}},"7":{"start":{"line":40,"column":34},"end":{"line":40,"column":42}},"8":{"start":{"line":42,"column":25},"end":{"line":44,"column":9}},"9":{"start":{"line":46,"column":8},"end":{"line":52,"column":9}},"10":{"start":{"line":47,"column":27},"end":{"line":47,"column":59}},"11":{"start":{"line":49,"column":12},"end":{"line":49,"column":115}},"12":{"start":{"line":51,"column":12},"end":{"line":51,"column":24}},"13":{"start":{"line":56,"column":23},"end":{"line":56,"column":36}},"14":{"start":{"line":58,"column":23},"end":{"line":58,"column":43}},"15":{"start":{"line":59,"column":8},"end":{"line":78,"column":9}},"16":{"start":{"line":60,"column":12},"end":{"line":75,"column":13}},"17":{"start":{"line":61,"column":16},"end":{"line":66,"column":19}},"18":{"start":{"line":68,"column":16},"end":{"line":68,"column":46}},"19":{"start":{"line":70,"column":16},"end":{"line":72,"column":18}},"20":{"start":{"line":74,"column":16},"end":{"line":74,"column":118}},"21":{"start":{"line":77,"column":12},"end":{"line":77,"column":24}},"22":{"start":{"line":82,"column":0},"end":{"line":82,"column":34}}},"fnMap":{"0":{"name":"(anonymous_0)","decl":{"start":{"line":5,"column":4},"end":{"line":5,"column":5}},"loc":{"start":{"line":5,"column":55},"end":{"line":35,"column":5}},"line":5},"1":{"name":"(anonymous_1)","decl":{"start":{"line":37,"column":4},"end":{"line":37,"column":5}},"loc":{"start":{"line":37,"column":55},"end":{"line":53,"column":5}},"line":37},"2":{"name":"(anonymous_2)","decl":{"start":{"line":55,"column":4},"end":{"line":55,"column":5}},"loc":{"start":{"line":55,"column":57},"end":{"line":79,"column":5}},"line":55}},"branchMap":{"0":{"loc":{"start":{"line":60,"column":12},"end":{"line":75,"column":13}},"type":"if","locations":[{"start":{"line":60,"column":12},"end":{"line":75,"column":13}},{"start":{"line":60,"column":12},"end":{"line":75,"column":13}}],"line":60}},"s":{"0":11,"1":0,"2":0,"3":0,"4":0,"5":0,"6":0,"7":0,"8":0,"9":0,"10":0,"11":0,"12":0,"13":0,"14":0,"15":0,"16":0,"17":0,"18":0,"19":0,"20":0,"21":0,"22":11},"f":{"0":0,"1":0,"2":0},"b":{"0":[0,0]},"_coverageSchema":"1a1c01bbd47fc00a2c39e90264f33305004495a9","hash":"b6916439701d65231502a9c22a45f3855588ebec"}
,"D:\\Hacktiv8\\Phase 3\\Final Project\\Server\\service\\waiting-list-service\\controllers\\doctor-controller.js": {"path":"D:\\Hacktiv8\\Phase 3\\Final Project\\Server\\service\\waiting-list-service\\controllers\\doctor-controller.js","statementMap":{"0":{"start":{"line":4,"column":23},"end":{"line":4,"column":43}},"1":{"start":{"line":6,"column":8},"end":{"line":12,"column":9}},"2":{"start":{"line":7,"column":28},"end":{"line":7,"column":57}},"3":{"start":{"line":9,"column":12},"end":{"line":9,"column":42}},"4":{"start":{"line":11,"column":12},"end":{"line":11,"column":24}},"5":{"start":{"line":16,"column":0},"end":{"line":16,"column":34}}},"fnMap":{"0":{"name":"(anonymous_0)","decl":{"start":{"line":3,"column":4},"end":{"line":3,"column":5}},"loc":{"start":{"line":3,"column":54},"end":{"line":13,"column":5}},"line":3}},"branchMap":{},"s":{"0":0,"1":0,"2":0,"3":0,"4":0,"5":11},"f":{"0":0},"b":{},"_coverageSchema":"1a1c01bbd47fc00a2c39e90264f33305004495a9","hash":"7ad1ab0c5d5b06a8b5696678c5646bc98cbf1288"}
,"D:\\Hacktiv8\\Phase 3\\Final Project\\Server\\service\\waiting-list-service\\controllers\\general-controller.js": {"path":"D:\\Hacktiv8\\Phase 3\\Final Project\\Server\\service\\waiting-list-service\\controllers\\general-controller.js","statementMap":{"0":{"start":{"line":1,"column":21},"end":{"line":1,"column":39}},"1":{"start":{"line":5,"column":24},"end":{"line":5,"column":45}},"2":{"start":{"line":7,"column":8},"end":{"line":33,"column":9}},"3":{"start":{"line":8,"column":29},"end":{"line":28,"column":24}},"4":{"start":{"line":30,"column":12},"end":{"line":30,"column":43}},"5":{"start":{"line":32,"column":12},"end":{"line":32,"column":24}},"6":{"start":{"line":37,"column":24},"end":{"line":37,"column":45}},"7":{"start":{"line":39,"column":34},"end":{"line":39,"column":42}},"8":{"start":{"line":41,"column":25},"end":{"line":43,"column":9}},"9":{"start":{"line":45,"column":8},"end":{"line":51,"column":9}},"10":{"start":{"line":46,"column":27},"end":{"line":46,"column":60}},"11":{"start":{"line":48,"column":12},"end":{"line":48,"column":115}},"12":{"start":{"line":50,"column":12},"end":{"line":50,"column":24}},"13":{"start":{"line":55,"column":24},"end":{"line":55,"column":37}},"14":{"start":{"line":57,"column":24},"end":{"line":57,"column":45}},"15":{"start":{"line":58,"column":8},"end":{"line":77,"column":9}},"16":{"start":{"line":59,"column":12},"end":{"line":74,"column":13}},"17":{"start":{"line":60,"column":16},"end":{"line":65,"column":19}},"18":{"start":{"line":67,"column":16},"end":{"line":67,"column":48}},"19":{"start":{"line":69,"column":16},"end":{"line":71,"column":18}},"20":{"start":{"line":73,"column":16},"end":{"line":73,"column":118}},"21":{"start":{"line":76,"column":12},"end":{"line":76,"column":24}},"22":{"start":{"line":81,"column":0},"end":{"line":81,"column":35}}},"fnMap":{"0":{"name":"(anonymous_0)","decl":{"start":{"line":4,"column":4},"end":{"line":4,"column":5}},"loc":{"start":{"line":4,"column":56},"end":{"line":34,"column":5}},"line":4},"1":{"name":"(anonymous_1)","decl":{"start":{"line":36,"column":4},"end":{"line":36,"column":5}},"loc":{"start":{"line":36,"column":56},"end":{"line":52,"column":5}},"line":36},"2":{"name":"(anonymous_2)","decl":{"start":{"line":54,"column":4},"end":{"line":54,"column":5}},"loc":{"start":{"line":54,"column":58},"end":{"line":78,"column":5}},"line":54}},"branchMap":{"0":{"loc":{"start":{"line":59,"column":12},"end":{"line":74,"column":13}},"type":"if","locations":[{"start":{"line":59,"column":12},"end":{"line":74,"column":13}},{"start":{"line":59,"column":12},"end":{"line":74,"column":13}}],"line":59}},"s":{"0":11,"1":0,"2":0,"3":0,"4":0,"5":0,"6":0,"7":0,"8":0,"9":0,"10":0,"11":0,"12":0,"13":0,"14":0,"15":0,"16":0,"17":0,"18":0,"19":0,"20":0,"21":0,"22":11},"f":{"0":0,"1":0,"2":0},"b":{"0":[0,0]},"_coverageSchema":"1a1c01bbd47fc00a2c39e90264f33305004495a9","hash":"182af5464673d8887601ae5ce1a92d183011eb45"}
,"D:\\Hacktiv8\\Phase 3\\Final Project\\Server\\service\\waiting-list-service\\controllers\\user-controller.js": {"path":"D:\\Hacktiv8\\Phase 3\\Final Project\\Server\\service\\waiting-list-service\\controllers\\user-controller.js","statementMap":{"0":{"start":{"line":1,"column":42},"end":{"line":1,"column":76}},"1":{"start":{"line":2,"column":22},"end":{"line":2,"column":47}},"2":{"start":{"line":3,"column":21},"end":{"line":3,"column":39}},"3":{"start":{"line":4,"column":45},"end":{"line":4,"column":79}},"4":{"start":{"line":8,"column":4},"end":{"line":33,"column":5}},"5":{"start":{"line":9,"column":58},"end":{"line":9,"column":66}},"6":{"start":{"line":10,"column":25},"end":{"line":10,"column":43}},"7":{"start":{"line":12,"column":26},"end":{"line":12,"column":58}},"8":{"start":{"line":14,"column":6},"end":{"line":30,"column":7}},"9":{"start":{"line":15,"column":24},"end":{"line":22,"column":10}},"10":{"start":{"line":23,"column":8},"end":{"line":27,"column":11}},"11":{"start":{"line":29,"column":8},"end":{"line":29,"column":67}},"12":{"start":{"line":32,"column":6},"end":{"line":32,"column":18}},"13":{"start":{"line":37,"column":4},"end":{"line":61,"column":5}},"14":{"start":{"line":38,"column":34},"end":{"line":38,"column":42}},"15":{"start":{"line":39,"column":25},"end":{"line":39,"column":43}},"16":{"start":{"line":41,"column":23},"end":{"line":43,"column":8}},"17":{"start":{"line":45,"column":6},"end":{"line":58,"column":7}},"18":{"start":{"line":46,"column":8},"end":{"line":55,"column":9}},"19":{"start":{"line":47,"column":22},"end":{"line":51,"column":12}},"20":{"start":{"line":52,"column":10},"end":{"line":52,"column":56}},"21":{"start":{"line":54,"column":10},"end":{"line":54,"column":78}},"22":{"start":{"line":57,"column":8},"end":{"line":57,"column":76}},"23":{"start":{"line":60,"column":6},"end":{"line":60,"column":18}},"24":{"start":{"line":65,"column":4},"end":{"line":89,"column":5}},"25":{"start":{"line":66,"column":17},"end":{"line":66,"column":30}},"26":{"start":{"line":67,"column":41},"end":{"line":67,"column":49}},"27":{"start":{"line":68,"column":25},"end":{"line":68,"column":43}},"28":{"start":{"line":70,"column":26},"end":{"line":70,"column":56}},"29":{"start":{"line":72,"column":6},"end":{"line":86,"column":7}},"30":{"start":{"line":73,"column":27},"end":{"line":82,"column":9}},"31":{"start":{"line":83,"column":8},"end":{"line":83,"column":71}},"32":{"start":{"line":85,"column":8},"end":{"line":85,"column":65}},"33":{"start":{"line":88,"column":6},"end":{"line":88,"column":18}},"34":{"start":{"line":93,"column":4},"end":{"line":100,"column":5}},"35":{"start":{"line":94,"column":25},"end":{"line":94,"column":43}},"36":{"start":{"line":96,"column":20},"end":{"line":96,"column":53}},"37":{"start":{"line":97,"column":6},"end":{"line":97,"column":45}},"38":{"start":{"line":99,"column":6},"end":{"line":99,"column":18}},"39":{"start":{"line":104,"column":4},"end":{"line":132,"column":5}},"40":{"start":{"line":105,"column":34},"end":{"line":105,"column":42}},"41":{"start":{"line":106,"column":25},"end":{"line":106,"column":43}},"42":{"start":{"line":108,"column":23},"end":{"line":110,"column":8}},"43":{"start":{"line":112,"column":6},"end":{"line":129,"column":7}},"44":{"start":{"line":113,"column":8},"end":{"line":126,"column":9}},"45":{"start":{"line":114,"column":10},"end":{"line":123,"column":11}},"46":{"start":{"line":115,"column":24},"end":{"line":119,"column":14}},"47":{"start":{"line":120,"column":12},"end":{"line":120,"column":58}},"48":{"start":{"line":122,"column":12},"end":{"line":122,"column":76}},"49":{"start":{"line":125,"column":10},"end":{"line":125,"column":78}},"50":{"start":{"line":128,"column":8},"end":{"line":128,"column":76}},"51":{"start":{"line":131,"column":6},"end":{"line":131,"column":18}},"52":{"start":{"line":136,"column":0},"end":{"line":136,"column":32}}},"fnMap":{"0":{"name":"(anonymous_0)","decl":{"start":{"line":7,"column":2},"end":{"line":7,"column":3}},"loc":{"start":{"line":7,"column":40},"end":{"line":34,"column":3}},"line":7},"1":{"name":"(anonymous_1)","decl":{"start":{"line":36,"column":2},"end":{"line":36,"column":3}},"loc":{"start":{"line":36,"column":37},"end":{"line":62,"column":3}},"line":36},"2":{"name":"(anonymous_2)","decl":{"start":{"line":64,"column":2},"end":{"line":64,"column":3}},"loc":{"start":{"line":64,"column":38},"end":{"line":90,"column":3}},"line":64},"3":{"name":"(anonymous_3)","decl":{"start":{"line":92,"column":2},"end":{"line":92,"column":3}},"loc":{"start":{"line":92,"column":36},"end":{"line":101,"column":3}},"line":92},"4":{"name":"(anonymous_4)","decl":{"start":{"line":103,"column":2},"end":{"line":103,"column":3}},"loc":{"start":{"line":103,"column":42},"end":{"line":133,"column":3}},"line":103}},"branchMap":{"0":{"loc":{"start":{"line":14,"column":6},"end":{"line":30,"column":7}},"type":"if","locations":[{"start":{"line":14,"column":6},"end":{"line":30,"column":7}},{"start":{"line":14,"column":6},"end":{"line":30,"column":7}}],"line":14},"1":{"loc":{"start":{"line":45,"column":6},"end":{"line":58,"column":7}},"type":"if","locations":[{"start":{"line":45,"column":6},"end":{"line":58,"column":7}},{"start":{"line":45,"column":6},"end":{"line":58,"column":7}}],"line":45},"2":{"loc":{"start":{"line":46,"column":8},"end":{"line":55,"column":9}},"type":"if","locations":[{"start":{"line":46,"column":8},"end":{"line":55,"column":9}},{"start":{"line":46,"column":8},"end":{"line":55,"column":9}}],"line":46},"3":{"loc":{"start":{"line":72,"column":6},"end":{"line":86,"column":7}},"type":"if","locations":[{"start":{"line":72,"column":6},"end":{"line":86,"column":7}},{"start":{"line":72,"column":6},"end":{"line":86,"column":7}}],"line":72},"4":{"loc":{"start":{"line":112,"column":6},"end":{"line":129,"column":7}},"type":"if","locations":[{"start":{"line":112,"column":6},"end":{"line":129,"column":7}},{"start":{"line":112,"column":6},"end":{"line":129,"column":7}}],"line":112},"5":{"loc":{"start":{"line":113,"column":8},"end":{"line":126,"column":9}},"type":"if","locations":[{"start":{"line":113,"column":8},"end":{"line":126,"column":9}},{"start":{"line":113,"column":8},"end":{"line":126,"column":9}}],"line":113},"6":{"loc":{"start":{"line":114,"column":10},"end":{"line":123,"column":11}},"type":"if","locations":[{"start":{"line":114,"column":10},"end":{"line":123,"column":11}},{"start":{"line":114,"column":10},"end":{"line":123,"column":11}}],"line":114}},"s":{"0":11,"1":11,"2":11,"3":11,"4":1,"5":1,"6":1,"7":1,"8":1,"9":0,"10":0,"11":1,"12":0,"13":1,"14":1,"15":1,"16":1,"17":1,"18":1,"19":1,"20":1,"21":0,"22":0,"23":0,"24":0,"25":0,"26":0,"27":0,"28":0,"29":0,"30":0,"31":0,"32":0,"33":0,"34":0,"35":0,"36":0,"37":0,"38":0,"39":3,"40":3,"41":3,"42":3,"43":3,"44":3,"45":2,"46":1,"47":1,"48":1,"49":1,"50":0,"51":0,"52":11},"f":{"0":1,"1":1,"2":0,"3":0,"4":3},"b":{"0":[0,1],"1":[1,0],"2":[1,0],"3":[0,0],"4":[3,0],"5":[2,1],"6":[1,1]},"_coverageSchema":"1a1c01bbd47fc00a2c39e90264f33305004495a9","hash":"51834ef6f2aa3e412369927328c20e8aef785a19"}
,"D:\\Hacktiv8\\Phase 3\\Final Project\\Server\\service\\waiting-list-service\\helpers\\auth.js": {"path":"D:\\Hacktiv8\\Phase 3\\Final Project\\Server\\service\\waiting-list-service\\helpers\\auth.js","statementMap":{"0":{"start":{"line":1,"column":24},"end":{"line":1,"column":49}},"1":{"start":{"line":2,"column":21},"end":{"line":2,"column":39}},"2":{"start":{"line":5,"column":2},"end":{"line":23,"column":3}},"3":{"start":{"line":6,"column":29},"end":{"line":6,"column":40}},"4":{"start":{"line":7,"column":23},"end":{"line":7,"column":41}},"5":{"start":{"line":9,"column":4},"end":{"line":20,"column":5}},"6":{"start":{"line":10,"column":22},"end":{"line":10,"column":53}},"7":{"start":{"line":11,"column":23},"end":{"line":11,"column":73}},"8":{"start":{"line":13,"column":6},"end":{"line":17,"column":7}},"9":{"start":{"line":14,"column":8},"end":{"line":14,"column":15}},"10":{"start":{"line":16,"column":8},"end":{"line":16,"column":72}},"11":{"start":{"line":19,"column":6},"end":{"line":19,"column":74}},"12":{"start":{"line":22,"column":4},"end":{"line":22,"column":16}},"13":{"start":{"line":27,"column":2},"end":{"line":46,"column":3}},"14":{"start":{"line":28,"column":29},"end":{"line":28,"column":40}},"15":{"start":{"line":29,"column":23},"end":{"line":29,"column":41}},"16":{"start":{"line":31,"column":4},"end":{"line":43,"column":5}},"17":{"start":{"line":32,"column":22},"end":{"line":32,"column":53}},"18":{"start":{"line":33,"column":23},"end":{"line":33,"column":73}},"19":{"start":{"line":35,"column":6},"end":{"line":40,"column":7}},"20":{"start":{"line":36,"column":8},"end":{"line":36,"column":35}},"21":{"start":{"line":37,"column":8},"end":{"line":37,"column":15}},"22":{"start":{"line":39,"column":8},"end":{"line":39,"column":76}},"23":{"start":{"line":42,"column":6},"end":{"line":42,"column":74}},"24":{"start":{"line":45,"column":4},"end":{"line":45,"column":16}},"25":{"start":{"line":50,"column":2},"end":{"line":67,"column":3}},"26":{"start":{"line":51,"column":19},"end":{"line":51,"column":32}},"27":{"start":{"line":52,"column":20},"end":{"line":52,"column":35}},"28":{"start":{"line":53,"column":23},"end":{"line":53,"column":41}},"29":{"start":{"line":54,"column":21},"end":{"line":54,"column":72}},"30":{"start":{"line":56,"column":4},"end":{"line":64,"column":5}},"31":{"start":{"line":57,"column":6},"end":{"line":61,"column":7}},"32":{"start":{"line":58,"column":8},"end":{"line":58,"column":15}},"33":{"start":{"line":60,"column":8},"end":{"line":60,"column":68}},"34":{"start":{"line":63,"column":6},"end":{"line":63,"column":63}},"35":{"start":{"line":66,"column":4},"end":{"line":66,"column":16}},"36":{"start":{"line":70,"column":0},"end":{"line":74,"column":2}}},"fnMap":{"0":{"name":"isAdmin","decl":{"start":{"line":4,"column":15},"end":{"line":4,"column":22}},"loc":{"start":{"line":4,"column":39},"end":{"line":24,"column":1}},"line":4},"1":{"name":"authentication","decl":{"start":{"line":26,"column":15},"end":{"line":26,"column":29}},"loc":{"start":{"line":26,"column":46},"end":{"line":47,"column":1}},"line":26},"2":{"name":"authorization","decl":{"start":{"line":49,"column":15},"end":{"line":49,"column":28}},"loc":{"start":{"line":49,"column":45},"end":{"line":68,"column":1}},"line":49}},"branchMap":{"0":{"loc":{"start":{"line":9,"column":4},"end":{"line":20,"column":5}},"type":"if","locations":[{"start":{"line":9,"column":4},"end":{"line":20,"column":5}},{"start":{"line":9,"column":4},"end":{"line":20,"column":5}}],"line":9},"1":{"loc":{"start":{"line":13,"column":6},"end":{"line":17,"column":7}},"type":"if","locations":[{"start":{"line":13,"column":6},"end":{"line":17,"column":7}},{"start":{"line":13,"column":6},"end":{"line":17,"column":7}}],"line":13},"2":{"loc":{"start":{"line":31,"column":4},"end":{"line":43,"column":5}},"type":"if","locations":[{"start":{"line":31,"column":4},"end":{"line":43,"column":5}},{"start":{"line":31,"column":4},"end":{"line":43,"column":5}}],"line":31},"3":{"loc":{"start":{"line":35,"column":6},"end":{"line":40,"column":7}},"type":"if","locations":[{"start":{"line":35,"column":6},"end":{"line":40,"column":7}},{"start":{"line":35,"column":6},"end":{"line":40,"column":7}}],"line":35},"4":{"loc":{"start":{"line":56,"column":4},"end":{"line":64,"column":5}},"type":"if","locations":[{"start":{"line":56,"column":4},"end":{"line":64,"column":5}},{"start":{"line":56,"column":4},"end":{"line":64,"column":5}}],"line":56},"5":{"loc":{"start":{"line":57,"column":6},"end":{"line":61,"column":7}},"type":"if","locations":[{"start":{"line":57,"column":6},"end":{"line":61,"column":7}},{"start":{"line":57,"column":6},"end":{"line":61,"column":7}}],"line":57}},"s":{"0":11,"1":11,"2":2,"3":2,"4":2,"5":2,"6":2,"7":2,"8":2,"9":1,"10":1,"11":0,"12":0,"13":10,"14":10,"15":10,"16":10,"17":5,"18":5,"19":5,"20":5,"21":5,"22":0,"23":5,"24":0,"25":1,"26":1,"27":1,"28":1,"29":1,"30":1,"31":0,"32":0,"33":0,"34":1,"35":0,"36":11},"f":{"0":2,"1":10,"2":1},"b":{"0":[2,0],"1":[1,1],"2":[5,5],"3":[5,0],"4":[0,1],"5":[0,0]},"_coverageSchema":"1a1c01bbd47fc00a2c39e90264f33305004495a9","hash":"4211d41db542171568e5c516be7446c93044a2ab"}
,"D:\\Hacktiv8\\Phase 3\\Final Project\\Server\\service\\waiting-list-service\\helpers\\hashPassword.js": {"path":"D:\\Hacktiv8\\Phase 3\\Final Project\\Server\\service\\waiting-list-service\\helpers\\hashPassword.js","statementMap":{"0":{"start":{"line":1,"column":15},"end":{"line":1,"column":34}},"1":{"start":{"line":4,"column":13},"end":{"line":4,"column":34}},"2":{"start":{"line":5,"column":23},"end":{"line":5,"column":54}},"3":{"start":{"line":7,"column":2},"end":{"line":7,"column":24}},"4":{"start":{"line":11,"column":2},"end":{"line":11,"column":53}},"5":{"start":{"line":14,"column":0},"end":{"line":17,"column":2}}},"fnMap":{"0":{"name":"hashPassword","decl":{"start":{"line":3,"column":9},"end":{"line":3,"column":21}},"loc":{"start":{"line":3,"column":32},"end":{"line":8,"column":1}},"line":3},"1":{"name":"comparePassword","decl":{"start":{"line":10,"column":9},"end":{"line":10,"column":24}},"loc":{"start":{"line":10,"column":50},"end":{"line":12,"column":1}},"line":10}},"branchMap":{},"s":{"0":11,"1":0,"2":0,"3":0,"4":4,"5":11},"f":{"0":0,"1":4},"b":{},"_coverageSchema":"1a1c01bbd47fc00a2c39e90264f33305004495a9","hash":"0904ea93b5f7deae5a8a86ea654061c539f8366a"}
,"D:\\Hacktiv8\\Phase 3\\Final Project\\Server\\service\\waiting-list-service\\helpers\\jwt.js": {"path":"D:\\Hacktiv8\\Phase 3\\Final Project\\Server\\service\\waiting-list-service\\helpers\\jwt.js","statementMap":{"0":{"start":{"line":1,"column":12},"end":{"line":1,"column":35}},"1":{"start":{"line":4,"column":14},"end":{"line":4,"column":55}},"2":{"start":{"line":5,"column":2},"end":{"line":5,"column":15}},"3":{"start":{"line":9,"column":2},"end":{"line":14,"column":3}},"4":{"start":{"line":10,"column":18},"end":{"line":10,"column":59}},"5":{"start":{"line":11,"column":4},"end":{"line":11,"column":19}},"6":{"start":{"line":13,"column":4},"end":{"line":13,"column":16}},"7":{"start":{"line":17,"column":0},"end":{"line":20,"column":2}}},"fnMap":{"0":{"name":"signToken","decl":{"start":{"line":3,"column":9},"end":{"line":3,"column":18}},"loc":{"start":{"line":3,"column":28},"end":{"line":6,"column":1}},"line":3},"1":{"name":"verifyToken","decl":{"start":{"line":8,"column":15},"end":{"line":8,"column":26}},"loc":{"start":{"line":8,"column":34},"end":{"line":15,"column":1}},"line":8}},"branchMap":{},"s":{"0":11,"1":2,"2":2,"3":7,"4":7,"5":7,"6":0,"7":11},"f":{"0":2,"1":7},"b":{},"_coverageSchema":"1a1c01bbd47fc00a2c39e90264f33305004495a9","hash":"c8e3795a590c8adefb62863b2741f6d8b49a21ac"}
,"D:\\Hacktiv8\\Phase 3\\Final Project\\Server\\service\\waiting-list-service\\helpers\\mongoDB.js": {"path":"D:\\Hacktiv8\\Phase 3\\Final Project\\Server\\service\\waiting-list-service\\helpers\\mongoDB.js","statementMap":{"0":{"start":{"line":1,"column":24},"end":{"line":1,"column":42}},"1":{"start":{"line":4,"column":14},"end":{"line":4,"column":42}},"2":{"start":{"line":5,"column":17},"end":{"line":5,"column":67}},"3":{"start":{"line":6,"column":2},"end":{"line":26,"column":3}},"4":{"start":{"line":7,"column":4},"end":{"line":7,"column":27}},"5":{"start":{"line":9,"column":21},"end":{"line":9,"column":54}},"6":{"start":{"line":11,"column":27},"end":{"line":11,"column":56}},"7":{"start":{"line":12,"column":34},"end":{"line":12,"column":69}},"8":{"start":{"line":13,"column":29},"end":{"line":13,"column":59}},"9":{"start":{"line":14,"column":29},"end":{"line":14,"column":59}},"10":{"start":{"line":15,"column":30},"end":{"line":15,"column":61}},"11":{"start":{"line":17,"column":4},"end":{"line":17,"column":40}},"12":{"start":{"line":18,"column":4},"end":{"line":18,"column":54}},"13":{"start":{"line":19,"column":4},"end":{"line":19,"column":44}},"14":{"start":{"line":20,"column":4},"end":{"line":20,"column":44}},"15":{"start":{"line":21,"column":4},"end":{"line":21,"column":46}},"16":{"start":{"line":23,"column":4},"end":{"line":23,"column":11}},"17":{"start":{"line":25,"column":4},"end":{"line":25,"column":23}},"18":{"start":{"line":29,"column":0},"end":{"line":29,"column":34}}},"fnMap":{"0":{"name":"connectToMongoDB","decl":{"start":{"line":3,"column":15},"end":{"line":3,"column":31}},"loc":{"start":{"line":3,"column":48},"end":{"line":27,"column":1}},"line":3}},"branchMap":{},"s":{"0":11,"1":15,"2":15,"3":15,"4":15,"5":15,"6":15,"7":15,"8":15,"9":15,"10":15,"11":15,"12":15,"13":15,"14":15,"15":15,"16":15,"17":0,"18":11},"f":{"0":15},"b":{},"_coverageSchema":"1a1c01bbd47fc00a2c39e90264f33305004495a9","hash":"c6d765ce3e5d17c3f20eca1b295de202209208b9"}
,"D:\\Hacktiv8\\Phase 3\\Final Project\\Server\\service\\waiting-list-service\\helpers\\validateUser.js": {"path":"D:\\Hacktiv8\\Phase 3\\Final Project\\Server\\service\\waiting-list-service\\helpers\\validateUser.js","statementMap":{"0":{"start":{"line":2,"column":54},"end":{"line":2,"column":58}},"1":{"start":{"line":3,"column":21},"end":{"line":3,"column":23}},"2":{"start":{"line":5,"column":2},"end":{"line":43,"column":3}},"3":{"start":{"line":6,"column":4},"end":{"line":10,"column":5}},"4":{"start":{"line":7,"column":6},"end":{"line":7,"column":55}},"5":{"start":{"line":8,"column":11},"end":{"line":10,"column":5}},"6":{"start":{"line":9,"column":6},"end":{"line":9,"column":51}},"7":{"start":{"line":12,"column":22},"end":{"line":12,"column":35}},"8":{"start":{"line":14,"column":4},"end":{"line":18,"column":5}},"9":{"start":{"line":15,"column":6},"end":{"line":15,"column":64}},"10":{"start":{"line":16,"column":11},"end":{"line":18,"column":5}},"11":{"start":{"line":17,"column":6},"end":{"line":17,"column":60}},"12":{"start":{"line":20,"column":4},"end":{"line":24,"column":5}},"13":{"start":{"line":21,"column":6},"end":{"line":21,"column":56}},"14":{"start":{"line":22,"column":11},"end":{"line":24,"column":5}},"15":{"start":{"line":23,"column":6},"end":{"line":23,"column":52}},"16":{"start":{"line":26,"column":4},"end":{"line":28,"column":5}},"17":{"start":{"line":27,"column":6},"end":{"line":27,"column":59}},"18":{"start":{"line":30,"column":4},"end":{"line":34,"column":5}},"19":{"start":{"line":31,"column":6},"end":{"line":31,"column":63}},"20":{"start":{"line":32,"column":11},"end":{"line":34,"column":5}},"21":{"start":{"line":33,"column":6},"end":{"line":33,"column":59}},"22":{"start":{"line":36,"column":4},"end":{"line":40,"column":5}},"23":{"start":{"line":37,"column":6},"end":{"line":37,"column":34}},"24":{"start":{"line":39,"column":6},"end":{"line":39,"column":25}},"25":{"start":{"line":42,"column":4},"end":{"line":42,"column":40}},"26":{"start":{"line":47,"column":37},"end":{"line":47,"column":41}},"27":{"start":{"line":48,"column":21},"end":{"line":48,"column":23}},"28":{"start":{"line":50,"column":2},"end":{"line":78,"column":3}},"29":{"start":{"line":51,"column":4},"end":{"line":55,"column":5}},"30":{"start":{"line":52,"column":6},"end":{"line":52,"column":55}},"31":{"start":{"line":53,"column":11},"end":{"line":55,"column":5}},"32":{"start":{"line":54,"column":6},"end":{"line":54,"column":51}},"33":{"start":{"line":57,"column":22},"end":{"line":57,"column":35}},"34":{"start":{"line":59,"column":4},"end":{"line":63,"column":5}},"35":{"start":{"line":60,"column":6},"end":{"line":60,"column":64}},"36":{"start":{"line":61,"column":11},"end":{"line":63,"column":5}},"37":{"start":{"line":62,"column":6},"end":{"line":62,"column":60}},"38":{"start":{"line":65,"column":4},"end":{"line":69,"column":5}},"39":{"start":{"line":66,"column":6},"end":{"line":66,"column":63}},"40":{"start":{"line":67,"column":11},"end":{"line":69,"column":5}},"41":{"start":{"line":68,"column":6},"end":{"line":68,"column":59}},"42":{"start":{"line":71,"column":4},"end":{"line":75,"column":5}},"43":{"start":{"line":72,"column":6},"end":{"line":72,"column":34}},"44":{"start":{"line":74,"column":6},"end":{"line":74,"column":25}},"45":{"start":{"line":77,"column":4},"end":{"line":77,"column":40}},"46":{"start":{"line":81,"column":0},"end":{"line":84,"column":2}}},"fnMap":{"0":{"name":"validateRegister","decl":{"start":{"line":1,"column":9},"end":{"line":1,"column":25}},"loc":{"start":{"line":1,"column":32},"end":{"line":44,"column":1}},"line":1},"1":{"name":"validateUpdate","decl":{"start":{"line":46,"column":9},"end":{"line":46,"column":23}},"loc":{"start":{"line":46,"column":30},"end":{"line":79,"column":1}},"line":46}},"branchMap":{"0":{"loc":{"start":{"line":6,"column":4},"end":{"line":10,"column":5}},"type":"if","locations":[{"start":{"line":6,"column":4},"end":{"line":10,"column":5}},{"start":{"line":6,"column":4},"end":{"line":10,"column":5}}],"line":6},"1":{"loc":{"start":{"line":6,"column":8},"end":{"line":6,"column":36}},"type":"binary-expr","locations":[{"start":{"line":6,"column":8},"end":{"line":6,"column":19}},{"start":{"line":6,"column":23},"end":{"line":6,"column":36}}],"line":6},"2":{"loc":{"start":{"line":8,"column":11},"end":{"line":10,"column":5}},"type":"if","locations":[{"start":{"line":8,"column":11},"end":{"line":10,"column":5}},{"start":{"line":8,"column":11},"end":{"line":10,"column":5}}],"line":8},"3":{"loc":{"start":{"line":14,"column":4},"end":{"line":18,"column":5}},"type":"if","locations":[{"start":{"line":14,"column":4},"end":{"line":18,"column":5}},{"start":{"line":14,"column":4},"end":{"line":18,"column":5}}],"line":14},"4":{"loc":{"start":{"line":14,"column":8},"end":{"line":14,"column":34}},"type":"binary-expr","locations":[{"start":{"line":14,"column":8},"end":{"line":14,"column":18}},{"start":{"line":14,"column":22},"end":{"line":14,"column":34}}],"line":14},"5":{"loc":{"start":{"line":16,"column":11},"end":{"line":18,"column":5}},"type":"if","locations":[{"start":{"line":16,"column":11},"end":{"line":18,"column":5}},{"start":{"line":16,"column":11},"end":{"line":18,"column":5}}],"line":16},"6":{"loc":{"start":{"line":20,"column":4},"end":{"line":24,"column":5}},"type":"if","locations":[{"start":{"line":20,"column":4},"end":{"line":24,"column":5}},{"start":{"line":20,"column":4},"end":{"line":24,"column":5}}],"line":20},"7":{"loc":{"start":{"line":20,"column":8},"end":{"line":20,"column":38}},"type":"binary-expr","locations":[{"start":{"line":20,"column":8},"end":{"line":20,"column":20}},{"start":{"line":20,"column":24},"end":{"line":20,"column":38}}],"line":20},"8":{"loc":{"start":{"line":22,"column":11},"end":{"line":24,"column":5}},"type":"if","locations":[{"start":{"line":22,"column":11},"end":{"line":24,"column":5}},{"start":{"line":22,"column":11},"end":{"line":24,"column":5}}],"line":22},"9":{"loc":{"start":{"line":26,"column":4},"end":{"line":28,"column":5}},"type":"if","locations":[{"start":{"line":26,"column":4},"end":{"line":28,"column":5}},{"start":{"line":26,"column":4},"end":{"line":28,"column":5}}],"line":26},"10":{"loc":{"start":{"line":26,"column":8},"end":{"line":26,"column":44}},"type":"binary-expr","locations":[{"start":{"line":26,"column":8},"end":{"line":26,"column":23}},{"start":{"line":26,"column":27},"end":{"line":26,"column":44}}],"line":26},"11":{"loc":{"start":{"line":30,"column":4},"end":{"line":34,"column":5}},"type":"if","locations":[{"start":{"line":30,"column":4},"end":{"line":34,"column":5}},{"start":{"line":30,"column":4},"end":{"line":34,"column":5}}],"line":30},"12":{"loc":{"start":{"line":30,"column":8},"end":{"line":30,"column":50}},"type":"binary-expr","locations":[{"start":{"line":30,"column":8},"end":{"line":30,"column":26}},{"start":{"line":30,"column":30},"end":{"line":30,"column":50}}],"line":30},"13":{"loc":{"start":{"line":32,"column":11},"end":{"line":34,"column":5}},"type":"if","locations":[{"start":{"line":32,"column":11},"end":{"line":34,"column":5}},{"start":{"line":32,"column":11},"end":{"line":34,"column":5}}],"line":32},"14":{"loc":{"start":{"line":36,"column":4},"end":{"line":40,"column":5}},"type":"if","locations":[{"start":{"line":36,"column":4},"end":{"line":40,"column":5}},{"start":{"line":36,"column":4},"end":{"line":40,"column":5}}],"line":36},"15":{"loc":{"start":{"line":51,"column":4},"end":{"line":55,"column":5}},"type":"if","locations":[{"start":{"line":51,"column":4},"end":{"line":55,"column":5}},{"start":{"line":51,"column":4},"end":{"line":55,"column":5}}],"line":51},"16":{"loc":{"start":{"line":51,"column":8},"end":{"line":51,"column":36}},"type":"binary-expr","locations":[{"start":{"line":51,"column":8},"end":{"line":51,"column":19}},{"start":{"line":51,"column":23},"end":{"line":51,"column":36}}],"line":51},"17":{"loc":{"start":{"line":53,"column":11},"end":{"line":55,"column":5}},"type":"if","locations":[{"start":{"line":53,"column":11},"end":{"line":55,"column":5}},{"start":{"line":53,"column":11},"end":{"line":55,"column":5}}],"line":53},"18":{"loc":{"start":{"line":59,"column":4},"end":{"line":63,"column":5}},"type":"if","locations":[{"start":{"line":59,"column":4},"end":{"line":63,"column":5}},{"start":{"line":59,"column":4},"end":{"line":63,"column":5}}],"line":59},"19":{"loc":{"start":{"line":59,"column":8},"end":{"line":59,"column":34}},"type":"binary-expr","locations":[{"start":{"line":59,"column":8},"end":{"line":59,"column":18}},{"start":{"line":59,"column":22},"end":{"line":59,"column":34}}],"line":59},"20":{"loc":{"start":{"line":61,"column":11},"end":{"line":63,"column":5}},"type":"if","locations":[{"start":{"line":61,"column":11},"end":{"line":63,"column":5}},{"start":{"line":61,"column":11},"end":{"line":63,"column":5}}],"line":61},"21":{"loc":{"start":{"line":65,"column":4},"end":{"line":69,"column":5}},"type":"if","locations":[{"start":{"line":65,"column":4},"end":{"line":69,"column":5}},{"start":{"line":65,"column":4},"end":{"line":69,"column":5}}],"line":65},"22":{"loc":{"start":{"line":65,"column":8},"end":{"line":65,"column":50}},"type":"binary-expr","locations":[{"start":{"line":65,"column":8},"end":{"line":65,"column":26}},{"start":{"line":65,"column":30},"end":{"line":65,"column":50}}],"line":65},"23":{"loc":{"start":{"line":67,"column":11},"end":{"line":69,"column":5}},"type":"if","locations":[{"start":{"line":67,"column":11},"end":{"line":69,"column":5}},{"start":{"line":67,"column":11},"end":{"line":69,"column":5}}],"line":67},"24":{"loc":{"start":{"line":71,"column":4},"end":{"line":75,"column":5}},"type":"if","locations":[{"start":{"line":71,"column":4},"end":{"line":75,"column":5}},{"start":{"line":71,"column":4},"end":{"line":75,"column":5}}],"line":71}},"s":{"0":1,"1":1,"2":1,"3":1,"4":0,"5":1,"6":0,"7":1,"8":1,"9":0,"10":1,"11":0,"12":1,"13":0,"14":1,"15":0,"16":1,"17":0,"18":1,"19":0,"20":1,"21":0,"22":0,"23":0,"24":0,"25":1,"26":0,"27":0,"28":0,"29":0,"30":0,"31":0,"32":0,"33":0,"34":0,"35":0,"36":0,"37":0,"38":0,"39":0,"40":0,"41":0,"42":0,"43":0,"44":0,"45":0,"46":11},"f":{"0":1,"1":0},"b":{"0":[0,1],"1":[1,1],"2":[0,1],"3":[0,1],"4":[1,1],"5":[0,1],"6":[0,1],"7":[1,1],"8":[0,1],"9":[0,1],"10":[1,1],"11":[0,1],"12":[1,1],"13":[0,0],"14":[0,0],"15":[0,0],"16":[0,0],"17":[0,0],"18":[0,0],"19":[0,0],"20":[0,0],"21":[0,0],"22":[0,0],"23":[0,0],"24":[0,0]},"_coverageSchema":"1a1c01bbd47fc00a2c39e90264f33305004495a9","hash":"8786f9eaf598f6e317e9fcf65d74b33e3012426c"}
,"D:\\Hacktiv8\\Phase 3\\Final Project\\Server\\service\\waiting-list-service\\middlewares\\errorHandler.js": {"path":"D:\\Hacktiv8\\Phase 3\\Final Project\\Server\\service\\waiting-list-service\\middlewares\\errorHandler.js","statementMap":{"0":{"start":{"line":1,"column":21},"end":{"line":31,"column":1}},"1":{"start":{"line":2,"column":2},"end":{"line":30,"column":3}},"2":{"start":{"line":4,"column":6},"end":{"line":4,"column":49}},"3":{"start":{"line":6,"column":6},"end":{"line":6,"column":12}},"4":{"start":{"line":9,"column":6},"end":{"line":9,"column":49}},"5":{"start":{"line":11,"column":6},"end":{"line":11,"column":12}},"6":{"start":{"line":14,"column":6},"end":{"line":14,"column":49}},"7":{"start":{"line":16,"column":6},"end":{"line":16,"column":12}},"8":{"start":{"line":19,"column":6},"end":{"line":19,"column":49}},"9":{"start":{"line":21,"column":6},"end":{"line":21,"column":12}},"10":{"start":{"line":24,"column":6},"end":{"line":28,"column":9}},"11":{"start":{"line":29,"column":6},"end":{"line":29,"column":12}},"12":{"start":{"line":33,"column":0},"end":{"line":33,"column":30}}},"fnMap":{"0":{"name":"(anonymous_0)","decl":{"start":{"line":1,"column":21},"end":{"line":1,"column":22}},"loc":{"start":{"line":1,"column":46},"end":{"line":31,"column":1}},"line":1}},"branchMap":{"0":{"loc":{"start":{"line":2,"column":2},"end":{"line":30,"column":3}},"type":"switch","locations":[{"start":{"line":3,"column":4},"end":{"line":6,"column":12}},{"start":{"line":8,"column":4},"end":{"line":11,"column":12}},{"start":{"line":13,"column":4},"end":{"line":16,"column":12}},{"start":{"line":18,"column":4},"end":{"line":21,"column":12}},{"start":{"line":23,"column":4},"end":{"line":29,"column":12}}],"line":2}},"s":{"0":11,"1":10,"2":1,"3":1,"4":6,"5":6,"6":2,"7":2,"8":1,"9":1,"10":0,"11":0,"12":11},"f":{"0":10},"b":{"0":[1,6,2,1,0]},"_coverageSchema":"1a1c01bbd47fc00a2c39e90264f33305004495a9","hash":"3260dd71e4b1d6cec65c52f13eb555197b8d50e8"}
,"D:\\Hacktiv8\\Phase 3\\Final Project\\Server\\service\\waiting-list-service\\routes\\appointment-route.js": {"path":"D:\\Hacktiv8\\Phase 3\\Final Project\\Server\\service\\waiting-list-service\\routes\\appointment-route.js","statementMap":{"0":{"start":{"line":1,"column":16},"end":{"line":1,"column":34}},"1":{"start":{"line":2,"column":15},"end":{"line":2,"column":31}},"2":{"start":{"line":4,"column":30},"end":{"line":4,"column":78}},"3":{"start":{"line":5,"column":34},"end":{"line":5,"column":60}},"4":{"start":{"line":7,"column":0},"end":{"line":7,"column":61}},"5":{"start":{"line":8,"column":0},"end":{"line":8,"column":59}},"6":{"start":{"line":9,"column":0},"end":{"line":9,"column":79}},"7":{"start":{"line":11,"column":0},"end":{"line":11,"column":23}}},"fnMap":{},"branchMap":{},"s":{"0":11,"1":11,"2":11,"3":11,"4":11,"5":11,"6":11,"7":11},"f":{},"b":{},"_coverageSchema":"1a1c01bbd47fc00a2c39e90264f33305004495a9","hash":"17340417d5016ac1da61fb12be066b1bd3b66b6c"}
,"D:\\Hacktiv8\\Phase 3\\Final Project\\Server\\service\\waiting-list-service\\routes\\dental.js": {"path":"D:\\Hacktiv8\\Phase 3\\Final Project\\Server\\service\\waiting-list-service\\routes\\dental.js","statementMap":{"0":{"start":{"line":1,"column":16},"end":{"line":1,"column":34}},"1":{"start":{"line":2,"column":25},"end":{"line":2,"column":68}},"2":{"start":{"line":3,"column":36},"end":{"line":3,"column":62}},"3":{"start":{"line":5,"column":15},"end":{"line":5,"column":31}},"4":{"start":{"line":7,"column":0},"end":{"line":7,"column":71}},"5":{"start":{"line":8,"column":0},"end":{"line":8,"column":73}},"6":{"start":{"line":9,"column":0},"end":{"line":9,"column":73}},"7":{"start":{"line":11,"column":0},"end":{"line":11,"column":24}}},"fnMap":{},"branchMap":{},"s":{"0":11,"1":11,"2":11,"3":11,"4":11,"5":11,"6":11,"7":11},"f":{},"b":{},"_coverageSchema":"1a1c01bbd47fc00a2c39e90264f33305004495a9","hash":"1e1108b874c2c3b5fd9269dd1e7a98f62abaafcb"}
,"D:\\Hacktiv8\\Phase 3\\Final Project\\Server\\service\\waiting-list-service\\routes\\doctor.js": {"path":"D:\\Hacktiv8\\Phase 3\\Final Project\\Server\\service\\waiting-list-service\\routes\\doctor.js","statementMap":{"0":{"start":{"line":1,"column":16},"end":{"line":1,"column":34}},"1":{"start":{"line":2,"column":25},"end":{"line":2,"column":68}},"2":{"start":{"line":3,"column":27},"end":{"line":3,"column":53}},"3":{"start":{"line":5,"column":15},"end":{"line":5,"column":31}},"4":{"start":{"line":7,"column":0},"end":{"line":7,"column":71}},"5":{"start":{"line":9,"column":0},"end":{"line":9,"column":24}}},"fnMap":{},"branchMap":{},"s":{"0":11,"1":11,"2":11,"3":11,"4":11,"5":11},"f":{},"b":{},"_coverageSchema":"1a1c01bbd47fc00a2c39e90264f33305004495a9","hash":"9fae7634479e2abbc41b24e9dea5dcbf633a64d8"}
,"D:\\Hacktiv8\\Phase 3\\Final Project\\Server\\service\\waiting-list-service\\routes\\general.js": {"path":"D:\\Hacktiv8\\Phase 3\\Final Project\\Server\\service\\waiting-list-service\\routes\\general.js","statementMap":{"0":{"start":{"line":1,"column":16},"end":{"line":1,"column":34}},"1":{"start":{"line":2,"column":26},"end":{"line":2,"column":70}},"2":{"start":{"line":3,"column":36},"end":{"line":3,"column":62}},"3":{"start":{"line":5,"column":15},"end":{"line":5,"column":31}},"4":{"start":{"line":7,"column":0},"end":{"line":7,"column":73}},"5":{"start":{"line":8,"column":0},"end":{"line":8,"column":75}},"6":{"start":{"line":9,"column":0},"end":{"line":9,"column":75}},"7":{"start":{"line":11,"column":0},"end":{"line":11,"column":24}}},"fnMap":{},"branchMap":{},"s":{"0":11,"1":11,"2":11,"3":11,"4":11,"5":11,"6":11,"7":11},"f":{},"b":{},"_coverageSchema":"1a1c01bbd47fc00a2c39e90264f33305004495a9","hash":"10eca354b8d09fb27408f51c36d807e5e3ec805e"}
,"D:\\Hacktiv8\\Phase 3\\Final Project\\Server\\service\\waiting-list-service\\routes\\index.js": {"path":"D:\\Hacktiv8\\Phase 3\\Final Project\\Server\\service\\waiting-list-service\\routes\\index.js","statementMap":{"0":{"start":{"line":1,"column":16},"end":{"line":1,"column":34}},"1":{"start":{"line":2,"column":15},"end":{"line":2,"column":31}},"2":{"start":{"line":4,"column":18},"end":{"line":4,"column":41}},"3":{"start":{"line":5,"column":25},"end":{"line":5,"column":55}},"4":{"start":{"line":6,"column":20},"end":{"line":6,"column":39}},"5":{"start":{"line":7,"column":20},"end":{"line":7,"column":39}},"6":{"start":{"line":8,"column":21},"end":{"line":8,"column":41}},"7":{"start":{"line":10,"column":0},"end":{"line":10,"column":30}},"8":{"start":{"line":11,"column":0},"end":{"line":11,"column":44}},"9":{"start":{"line":12,"column":0},"end":{"line":12,"column":34}},"10":{"start":{"line":13,"column":0},"end":{"line":13,"column":34}},"11":{"start":{"line":14,"column":0},"end":{"line":14,"column":36}},"12":{"start":{"line":16,"column":0},"end":{"line":16,"column":23}}},"fnMap":{},"branchMap":{},"s":{"0":11,"1":11,"2":11,"3":11,"4":11,"5":11,"6":11,"7":11,"8":11,"9":11,"10":11,"11":11,"12":11},"f":{},"b":{},"_coverageSchema":"1a1c01bbd47fc00a2c39e90264f33305004495a9","hash":"c258749c9cbe73c42745ae4689880ace036a68ee"}
,"D:\\Hacktiv8\\Phase 3\\Final Project\\Server\\service\\waiting-list-service\\routes\\user-route.js": {"path":"D:\\Hacktiv8\\Phase 3\\Final Project\\Server\\service\\waiting-list-service\\routes\\user-route.js","statementMap":{"0":{"start":{"line":1,"column":16},"end":{"line":1,"column":34}},"1":{"start":{"line":2,"column":15},"end":{"line":2,"column":31}},"2":{"start":{"line":3,"column":49},"end":{"line":3,"column":75}},"3":{"start":{"line":5,"column":23},"end":{"line":5,"column":64}},"4":{"start":{"line":7,"column":0},"end":{"line":7,"column":49}},"5":{"start":{"line":8,"column":0},"end":{"line":8,"column":43}},"6":{"start":{"line":9,"column":0},"end":{"line":9,"column":53}},"7":{"start":{"line":10,"column":0},"end":{"line":10,"column":72}},"8":{"start":{"line":11,"column":0},"end":{"line":11,"column":61}},"9":{"start":{"line":13,"column":0},"end":{"line":13,"column":23}}},"fnMap":{},"branchMap":{},"s":{"0":11,"1":11,"2":11,"3":11,"4":11,"5":11,"6":11,"7":11,"8":11,"9":11},"f":{},"b":{},"_coverageSchema":"1a1c01bbd47fc00a2c39e90264f33305004495a9","hash":"01b429307fc86a5403d9907933bfdb19661f6c43"}
}
