TN:
SF:app.js
FNF:0
FNH:0
DA:1,7
DA:2,7
DA:4,7
DA:5,7
DA:6,7
DA:7,7
DA:8,7
DA:10,7
DA:11,7
DA:13,7
DA:14,7
DA:15,7
DA:21,7
LF:13
LH:13
BRDA:5,0,0,7
BRDA:5,0,1,0
BRF:2
BRH:1
end_of_record
TN:
SF:controllers\appointment-controller.js
FN:4,(anonymous_0)
FN:36,(anonymous_1)
FN:47,(anonymous_2)
FNF:3
FNH:2
FNDA:0,(anonymous_0)
FNDA:1,(anonymous_1)
FNDA:3,(anonymous_2)
DA:1,7
DA:5,0
DA:6,0
DA:7,0
DA:9,0
DA:10,0
DA:21,0
DA:22,0
DA:29,0
DA:32,0
DA:37,1
DA:38,1
DA:39,1
DA:41,1
DA:43,0
DA:48,3
DA:49,3
DA:50,3
DA:51,3
DA:53,3
DA:54,2
DA:57,2
DA:58,1
DA:67,1
DA:72,1
DA:75,1
DA:78,0
DA:83,7
LF:28
LH:17
BRDA:9,0,0,0
BRDA:9,0,1,0
BRDA:9,1,0,0
BRDA:9,1,1,0
BRDA:53,2,0,2
BRDA:53,2,1,1
BRDA:53,3,0,3
BRDA:53,3,1,2
BRDA:57,4,0,1
BRDA:57,4,1,1
BRF:10
BRH:6
end_of_record
TN:
SF:controllers\dental-controller.js
FN:5,(anonymous_0)
FN:17,(anonymous_1)
FN:29,(anonymous_2)
FNF:3
FNH:0
FNDA:0,(anonymous_0)
FNDA:0,(anonymous_1)
FNDA:0,(anonymous_2)
DA:1,7
DA:6,0
DA:8,0
DA:9,0
DA:11,0
DA:13,0
DA:18,0
DA:20,0
DA:21,0
DA:23,0
DA:25,0
DA:30,0
DA:32,0
DA:33,0
DA:34,0
DA:35,0
DA:42,0
DA:44,0
DA:48,0
DA:51,0
DA:56,7
LF:21
LH:2
BRDA:34,0,0,0
BRDA:34,0,1,0
BRF:2
BRH:0
end_of_record
TN:
SF:controllers\doctor-controller.js
FN:3,(anonymous_0)
FNF:1
FNH:0
FNDA:0,(anonymous_0)
DA:4,0
DA:6,0
DA:7,0
DA:9,0
DA:11,0
DA:16,7
LF:6
LH:1
BRF:0
BRH:0
end_of_record
TN:
SF:controllers\general-controller.js
FN:4,(anonymous_0)
FN:16,(anonymous_1)
FN:28,(anonymous_2)
FNF:3
FNH:0
FNDA:0,(anonymous_0)
FNDA:0,(anonymous_1)
FNDA:0,(anonymous_2)
DA:1,7
DA:5,0
DA:7,0
DA:8,0
DA:10,0
DA:12,0
DA:17,0
DA:19,0
DA:20,0
DA:22,0
DA:24,0
DA:29,0
DA:31,0
DA:32,0
DA:33,0
DA:34,0
DA:41,0
DA:43,0
DA:47,0
DA:50,0
DA:55,7
LF:21
LH:2
BRDA:33,0,0,0
BRDA:33,0,1,0
BRF:2
BRH:0
end_of_record
TN:
SF:controllers\user-controller.js
FN:7,(anonymous_0)
FN:36,(anonymous_1)
FN:64,(anonymous_2)
FN:92,(anonymous_3)
FNF:4
FNH:2
FNDA:1,(anonymous_0)
FNDA:1,(anonymous_1)
FNDA:0,(anonymous_2)
FNDA:0,(anonymous_3)
DA:1,7
DA:2,7
DA:3,7
DA:4,7
DA:8,1
DA:9,1
DA:10,1
DA:12,1
DA:14,1
DA:15,0
DA:23,0
DA:29,1
DA:32,0
DA:37,1
DA:38,1
DA:39,1
DA:41,1
DA:45,1
DA:46,0
DA:47,0
DA:52,0
DA:54,0
DA:57,1
DA:60,0
DA:65,0
DA:66,0
DA:67,0
DA:68,0
DA:70,0
DA:72,0
DA:73,0
DA:83,0
DA:85,0
DA:88,0
DA:93,0
DA:94,0
DA:96,0
DA:97,0
DA:99,0
DA:104,7
LF:40
LH:17
BRDA:14,0,0,0
BRDA:14,0,1,1
BRDA:45,1,0,0
BRDA:45,1,1,1
BRDA:46,2,0,0
BRDA:46,2,1,0
BRDA:72,3,0,0
BRDA:72,3,1,0
BRF:8
BRH:2
end_of_record
TN:
SF:helpers\auth.js
FN:4,isAdmin
FN:26,authentication
FN:49,authorization
FNF:3
FNH:3
FNDA:5,isAdmin
FNDA:9,authentication
FNDA:1,authorization
DA:1,7
DA:2,7
DA:5,5
DA:6,5
DA:7,5
DA:9,5
DA:10,5
DA:11,5
DA:13,5
DA:14,3
DA:16,2
DA:19,0
DA:22,0
DA:27,9
DA:28,9
DA:29,9
DA:31,9
DA:32,7
DA:33,7
DA:35,7
DA:36,7
DA:37,7
DA:39,0
DA:42,2
DA:45,0
DA:50,1
DA:51,1
DA:52,1
DA:53,1
DA:54,1
DA:56,1
DA:57,0
DA:58,0
DA:60,0
DA:63,1
DA:66,0
DA:70,7
LF:37
LH:29
BRDA:9,0,0,5
BRDA:9,0,1,0
BRDA:13,1,0,3
BRDA:13,1,1,2
BRDA:31,2,0,7
BRDA:31,2,1,2
BRDA:35,3,0,7
BRDA:35,3,1,0
BRDA:56,4,0,0
BRDA:56,4,1,1
BRDA:57,5,0,0
BRDA:57,5,1,0
BRF:12
BRH:7
end_of_record
TN:
SF:helpers\hashPassword.js
FN:3,hashPassword
FN:10,comparePassword
FNF:2
FNH:0
FNDA:0,hashPassword
FNDA:0,comparePassword
DA:1,7
DA:4,0
DA:5,0
DA:7,0
DA:11,0
DA:14,7
LF:6
LH:2
BRF:0
BRH:0
end_of_record
TN:
SF:helpers\jwt.js
FN:3,signToken
FN:8,verifyToken
FNF:2
FNH:1
FNDA:0,signToken
FNDA:12,verifyToken
DA:1,7
DA:4,0
DA:5,0
DA:9,12
DA:10,12
DA:11,12
DA:13,0
DA:17,7
LF:8
LH:5
BRF:0
BRH:0
end_of_record
TN:
SF:helpers\mongoDB.js
FN:3,connectToMongoDB
FNF:1
FNH:1
FNDA:11,connectToMongoDB
DA:1,7
DA:4,11
DA:5,11
DA:6,11
DA:7,11
DA:9,11
DA:11,11
DA:12,11
DA:13,11
DA:14,11
DA:15,11
DA:17,11
DA:18,11
DA:19,11
DA:20,11
DA:21,11
DA:23,11
DA:25,0
DA:29,7
LF:19
LH:18
BRF:0
BRH:0
end_of_record
TN:
SF:helpers\validateUser.js
FN:1,validateRegister
FN:46,validateUpdate
FNF:2
FNH:1
FNDA:1,validateRegister
FNDA:0,validateUpdate
DA:2,1
DA:3,1
DA:5,1
DA:6,1
DA:7,0
DA:8,1
DA:9,0
DA:12,1
DA:14,1
DA:15,0
DA:16,1
DA:17,0
DA:20,1
DA:21,0
DA:22,1
DA:23,0
DA:26,1
DA:27,0
DA:30,1
DA:31,0
DA:32,1
DA:33,0
DA:36,0
DA:37,0
DA:39,0
DA:42,1
DA:47,0
DA:48,0
DA:50,0
DA:51,0
DA:52,0
DA:53,0
DA:54,0
DA:57,0
DA:59,0
DA:60,0
DA:61,0
DA:62,0
DA:65,0
DA:66,0
DA:67,0
DA:68,0
DA:71,0
DA:72,0
DA:74,0
DA:77,0
DA:81,7
LF:47
LH:15
BRDA:6,0,0,0
BRDA:6,0,1,1
BRDA:6,1,0,1
BRDA:6,1,1,1
BRDA:8,2,0,0
BRDA:8,2,1,1
BRDA:14,3,0,0
BRDA:14,3,1,1
BRDA:14,4,0,1
BRDA:14,4,1,1
BRDA:16,5,0,0
BRDA:16,5,1,1
BRDA:20,6,0,0
BRDA:20,6,1,1
BRDA:20,7,0,1
BRDA:20,7,1,1
BRDA:22,8,0,0
BRDA:22,8,1,1
BRDA:26,9,0,0
BRDA:26,9,1,1
BRDA:26,10,0,1
BRDA:26,10,1,1
BRDA:30,11,0,0
BRDA:30,11,1,1
BRDA:30,12,0,1
BRDA:30,12,1,1
BRDA:32,13,0,0
BRDA:32,13,1,0
BRDA:36,14,0,0
BRDA:36,14,1,0
BRDA:51,15,0,0
BRDA:51,15,1,0
BRDA:51,16,0,0
BRDA:51,16,1,0
BRDA:53,17,0,0
BRDA:53,17,1,0
BRDA:59,18,0,0
BRDA:59,18,1,0
BRDA:59,19,0,0
BRDA:59,19,1,0
BRDA:61,20,0,0
BRDA:61,20,1,0
BRDA:65,21,0,0
BRDA:65,21,1,0
BRDA:65,22,0,0
BRDA:65,22,1,0
BRDA:67,23,0,0
BRDA:67,23,1,0
BRDA:71,24,0,0
BRDA:71,24,1,0
BRF:50
BRH:18
end_of_record
TN:
SF:middlewares\errorHandler.js
FN:1,(anonymous_0)
FNF:1
FNH:1
FNDA:9,(anonymous_0)
DA:1,7
DA:2,9
DA:4,3
DA:6,3
DA:9,2
DA:11,2
DA:14,2
DA:16,2
DA:19,2
DA:21,2
DA:24,0
DA:29,0
DA:33,7
LF:13
LH:11
BRDA:2,0,0,3
BRDA:2,0,1,2
BRDA:2,0,2,2
BRDA:2,0,3,2
BRDA:2,0,4,0
BRF:5
BRH:4
end_of_record
TN:
SF:routes\appointment-route.js
FNF:0
FNH:0
DA:1,7
DA:2,7
DA:4,7
DA:5,7
DA:7,7
DA:8,7
DA:9,7
DA:11,7
LF:8
LH:8
BRF:0
BRH:0
end_of_record
TN:
SF:routes\dental.js
FNF:0
FNH:0
DA:1,7
DA:2,7
DA:3,7
DA:5,7
DA:7,7
DA:8,7
DA:9,7
DA:11,7
LF:8
LH:8
BRF:0
BRH:0
end_of_record
TN:
SF:routes\doctor.js
FNF:0
FNH:0
DA:1,7
DA:2,7
DA:3,7
DA:5,7
DA:7,7
DA:9,7
LF:6
LH:6
BRF:0
BRH:0
end_of_record
TN:
SF:routes\general.js
FNF:0
FNH:0
DA:1,7
DA:2,7
DA:3,7
DA:5,7
DA:7,7
DA:8,7
DA:9,7
DA:11,7
LF:8
LH:8
BRF:0
BRH:0
end_of_record
TN:
SF:routes\index.js
FNF:0
FNH:0
DA:1,7
DA:2,7
DA:4,7
DA:5,7
DA:6,7
DA:7,7
DA:8,7
DA:10,7
DA:11,7
DA:12,7
DA:13,7
DA:14,7
DA:16,7
LF:13
LH:13
BRF:0
BRH:0
end_of_record
TN:
SF:routes\user-route.js
FNF:0
FNH:0
DA:1,7
DA:2,7
DA:3,7
DA:5,7
DA:7,7
DA:8,7
DA:9,7
DA:10,7
DA:12,7
LF:9
LH:9
BRF:0
BRH:0
end_of_record
